Flow report for lab5
Tue Jun 08 20:35:27 2021
Quartus Prime Version 18.1.0 Build 625 09/12/2018 SJ Standard Edition


---------------------
; Table of Contents ;
---------------------
  1. Legal Notice
  2. Flow Summary
  3. Flow Settings
  4. Flow Non-Default Global Settings
  5. Flow Elapsed Time
  6. Flow OS Summary
  7. Flow Log
  8. Flow Messages
  9. Flow Suppressed Messages



----------------
; Legal Notice ;
----------------
Copyright (C) 2018  Intel Corporation. All rights reserved.
Your use of Intel Corporation's design tools, logic functions 
and other software and tools, and its AMPP partner logic 
functions, and any output files from any of the foregoing 
(including device programming or simulation files), and any 
associated documentation or information are expressly subject 
to the terms and conditions of the Intel Program License 
Subscription Agreement, the Intel Quartus Prime License Agreement,
the Intel FPGA IP License Agreement, or other applicable license
agreement, including, without limitation, that your use is for
the sole purpose of programming logic devices manufactured by
Intel and sold by Intel or its authorized distributors.  Please
refer to the applicable agreement for further details.



+--------------------------------------------------------------------------------------+
; Flow Summary                                                                         ;
+------------------------------------+-------------------------------------------------+
; Flow Status                        ; Successful - Tue Jun 08 20:35:27 2021           ;
; Quartus Prime Version              ; 18.1.0 Build 625 09/12/2018 SJ Standard Edition ;
; Revision Name                      ; lab5                                            ;
; Top-level Entity Name              ; pc16                                            ;
; Family                             ; Cyclone 10 LP                                   ;
; Device                             ; 10CL006YU256C8G                                 ;
; Timing Models                      ; Final                                           ;
; Total logic elements               ; 65                                              ;
;     Total combinational functions  ; 65                                              ;
;     Dedicated logic registers      ; 16                                              ;
; Total registers                    ; 16                                              ;
; Total pins                         ; 45                                              ;
; Total virtual pins                 ; 0                                               ;
; Total memory bits                  ; 0                                               ;
; Embedded Multiplier 9-bit elements ; 0                                               ;
; Total PLLs                         ; 0                                               ;
+------------------------------------+-------------------------------------------------+


+-----------------------------------------+
; Flow Settings                           ;
+-------------------+---------------------+
; Option            ; Setting             ;
+-------------------+---------------------+
; Start date & time ; 06/08/2021 20:29:02 ;
; Main task         ; Compilation         ;
; Revision Name     ; lab5                ;
+-------------------+---------------------+


+-------------------------------------------------------------------------------------------------------------------------------------------------+
; Flow Non-Default Global Settings                                                                                                                ;
+-------------------------------------+------------------------------------------------------------+---------------+-------------+----------------+
; Assignment Name                     ; Value                                                      ; Default Value ; Entity Name ; Section Id     ;
+-------------------------------------+------------------------------------------------------------+---------------+-------------+----------------+
; COMPILER_SIGNATURE_ID               ; 202347987698440.162315534100848                            ; --            ; --          ; --             ;
; EDA_OUTPUT_DATA_FORMAT              ; Verilog Hdl                                                ; --            ; --          ; eda_simulation ;
; EDA_SIMULATION_TOOL                 ; ModelSim (Verilog)                                         ; <None>        ; --          ; --             ;
; EDA_TIME_SCALE                      ; 1 ps                                                       ; --            ; --          ; eda_simulation ;
; MAX_CORE_JUNCTION_TEMP              ; 85                                                         ; --            ; --          ; --             ;
; MIN_CORE_JUNCTION_TEMP              ; 0                                                          ; --            ; --          ; --             ;
; MISC_FILE                           ; fdiv_s_p/synthesis/../fdiv_s_p.cmp                         ; --            ; --          ; --             ;
; MISC_FILE                           ; fdiv_s_p/synthesis/../../fdiv_s_p.qsys                     ; --            ; --          ; --             ;
; MISC_FILE                           ; bcnt.bsf                                                   ; --            ; --          ; --             ;
; MISC_FILE                           ; bcnt_bb.v                                                  ; --            ; --          ; --             ;
; MISC_FILE                           ; mcnt.bsf                                                   ; --            ; --          ; --             ;
; MISC_FILE                           ; mcnt_bb.v                                                  ; --            ; --          ; --             ;
; MISC_FILE                           ; mcmp.bsf                                                   ; --            ; --          ; --             ;
; MISC_FILE                           ; mcmp_bb.v                                                  ; --            ; --          ; --             ;
; MISC_FILE                           ; pmux21.bsf                                                 ; --            ; --          ; --             ;
; MISC_FILE                           ; pmux21_bb.v                                                ; --            ; --          ; --             ;
; MISC_FILE                           ; padd.bsf                                                   ; --            ; --          ; --             ;
; MISC_FILE                           ; padd_bb.v                                                  ; --            ; --          ; --             ;
; MISC_FILE                           ; pcnt.bsf                                                   ; --            ; --          ; --             ;
; MISC_FILE                           ; pcnt_bb.v                                                  ; --            ; --          ; --             ;
; NOMINAL_CORE_SUPPLY_VOLTAGE         ; 1.2V                                                       ; --            ; --          ; --             ;
; PARTITION_COLOR                     ; -- (Not supported for targeted family)                     ; --            ; pc16        ; Top            ;
; PARTITION_FITTER_PRESERVATION_LEVEL ; -- (Not supported for targeted family)                     ; --            ; pc16        ; Top            ;
; PARTITION_NETLIST_TYPE              ; -- (Not supported for targeted family)                     ; --            ; pc16        ; Top            ;
; POWER_BOARD_THERMAL_MODEL           ; None (CONSERVATIVE)                                        ; --            ; --          ; --             ;
; POWER_PRESET_COOLING_SOLUTION       ; 23 MM HEAT SINK WITH 200 LFPM AIRFLOW                      ; --            ; --          ; --             ;
; PROJECT_OUTPUT_DIRECTORY            ; output_files                                               ; --            ; --          ; --             ;
; SLD_FILE                            ; fdiv_s_p/synthesis/fdiv_s_p.debuginfo                      ; --            ; --          ; --             ;
; SLD_INFO                            ; QSYS_NAME fdiv_s_p HAS_SOPCINFO 1 GENERATION_ID 1623153348 ; --            ; fdiv_s_p    ; --             ;
; SOPCINFO_FILE                       ; fdiv_s_p/synthesis/../../fdiv_s_p.sopcinfo                 ; --            ; --          ; --             ;
; SYNTHESIS_ONLY_QIP                  ; On                                                         ; --            ; --          ; --             ;
; TOP_LEVEL_ENTITY                    ; pc16                                                       ; lab5          ; --          ; --             ;
+-------------------------------------+------------------------------------------------------------+---------------+-------------+----------------+


+--------------------------------------------------------------------------------------------------------------------------+
; Flow Elapsed Time                                                                                                        ;
+----------------------+--------------+-------------------------+---------------------+------------------------------------+
; Module Name          ; Elapsed Time ; Average Processors Used ; Peak Virtual Memory ; Total CPU Time (on all processors) ;
+----------------------+--------------+-------------------------+---------------------+------------------------------------+
; Analysis & Synthesis ; 00:00:34     ; 1.0                     ; 4779 MB             ; 00:01:04                           ;
; EDA Netlist Writer   ; 00:00:02     ; 1.0                     ; 4666 MB             ; 00:00:02                           ;
; EDA Netlist Writer   ; 00:00:03     ; 1.0                     ; 4668 MB             ; 00:00:02                           ;
; EDA Netlist Writer   ; 00:00:01     ; 1.0                     ; 4666 MB             ; 00:00:02                           ;
; EDA Netlist Writer   ; 00:00:02     ; 1.0                     ; 4668 MB             ; 00:00:02                           ;
; Total                ; 00:00:42     ; --                      ; --                  ; 00:01:12                           ;
+----------------------+--------------+-------------------------+---------------------+------------------------------------+


+------------------------------------------------------------------------------------+
; Flow OS Summary                                                                    ;
+----------------------+------------------+------------+------------+----------------+
; Module Name          ; Machine Hostname ; OS Name    ; OS Version ; Processor type ;
+----------------------+------------------+------------+------------+----------------+
; Analysis & Synthesis ; EveV             ; Windows 10 ; 10.0       ; x86_64         ;
; EDA Netlist Writer   ; EveV             ; Windows 10 ; 10.0       ; x86_64         ;
; EDA Netlist Writer   ; EveV             ; Windows 10 ; 10.0       ; x86_64         ;
; EDA Netlist Writer   ; EveV             ; Windows 10 ; 10.0       ; x86_64         ;
; EDA Netlist Writer   ; EveV             ; Windows 10 ; 10.0       ; x86_64         ;
+----------------------+------------------+------------+------------+----------------+


------------
; Flow Log ;
------------
quartus_map --read_settings_files=on --write_settings_files=off lab5 -c lab5
quartus_eda --gen_testbench --tool=modelsim_oem --format=verilog --write_settings_files=off lab5 -c lab5 --vector_source=C:/Users/Kaizyn/Documents/MySmallProjects/hdu2020ShuDian/lab5/Waveform4.vwf --testbench_file=C:/Users/Kaizyn/Documents/MySmallProjects/hdu2020ShuDian/lab5/simulation/qsim/Waveform4.vwf.vt
quartus_eda --write_settings_files=off --simulation=on --functional=on --flatten_buses=off --tool=modelsim_oem --format=verilog --output_directory=C:/Users/Kaizyn/Documents/MySmallProjects/hdu2020ShuDian/lab5/simulation/qsim/ lab5 -c lab5
quartus_eda --gen_testbench --tool=modelsim_oem --format=verilog --write_settings_files=off lab5 -c lab5 --vector_source=C:/Users/Kaizyn/Documents/MySmallProjects/hdu2020ShuDian/lab5/Waveform4.vwf --testbench_file=C:/Users/Kaizyn/Documents/MySmallProjects/hdu2020ShuDian/lab5/simulation/qsim/Waveform4.vwf.vt
quartus_eda --write_settings_files=off --simulation=on --functional=on --flatten_buses=off --tool=modelsim_oem --format=verilog --output_directory=C:/Users/Kaizyn/Documents/MySmallProjects/hdu2020ShuDian/lab5/simulation/qsim/ lab5 -c lab5



