Analysis & Synthesis report for lab5
Tue Jun 08 20:29:35 2021
Quartus Prime Version 18.1.0 Build 625 09/12/2018 SJ Standard Edition


---------------------
; Table of Contents ;
---------------------
  1. Legal Notice
  2. Analysis & Synthesis Summary
  3. Analysis & Synthesis Settings
  4. Parallel Compilation
  5. Analysis & Synthesis Source Files Read
  6. Analysis & Synthesis Resource Usage Summary
  7. Analysis & Synthesis Resource Utilization by Entity
  8. Analysis & Synthesis IP Cores Summary
  9. General Register Statistics
 10. Parameter Settings for User Entity Instance: pcnt:inst3|lpm_counter:LPM_COUNTER_component
 11. Parameter Settings for User Entity Instance: padd:inst1|lpm_add_sub:LPM_ADD_SUB_component
 12. Parameter Settings for User Entity Instance: pmux21:inst2|lpm_mux:LPM_MUX_component
 13. Parameter Settings for User Entity Instance: padd:inst|lpm_add_sub:LPM_ADD_SUB_component
 14. Post-Synthesis Netlist Statistics for Top Partition
 15. Elapsed Time Per Partition
 16. Analysis & Synthesis Messages



----------------
; Legal Notice ;
----------------
Copyright (C) 2018  Intel Corporation. All rights reserved.
Your use of Intel Corporation's design tools, logic functions 
and other software and tools, and its AMPP partner logic 
functions, and any output files from any of the foregoing 
(including device programming or simulation files), and any 
associated documentation or information are expressly subject 
to the terms and conditions of the Intel Program License 
Subscription Agreement, the Intel Quartus Prime License Agreement,
the Intel FPGA IP License Agreement, or other applicable license
agreement, including, without limitation, that your use is for
the sole purpose of programming logic devices manufactured by
Intel and sold by Intel or its authorized distributors.  Please
refer to the applicable agreement for further details.



+--------------------------------------------------------------------------------------+
; Analysis & Synthesis Summary                                                         ;
+------------------------------------+-------------------------------------------------+
; Analysis & Synthesis Status        ; Successful - Tue Jun 08 20:29:35 2021           ;
; Quartus Prime Version              ; 18.1.0 Build 625 09/12/2018 SJ Standard Edition ;
; Revision Name                      ; lab5                                            ;
; Top-level Entity Name              ; pc16                                            ;
; Family                             ; Cyclone 10 LP                                   ;
; Total logic elements               ; 65                                              ;
;     Total combinational functions  ; 65                                              ;
;     Dedicated logic registers      ; 16                                              ;
; Total registers                    ; 16                                              ;
; Total pins                         ; 45                                              ;
; Total virtual pins                 ; 0                                               ;
; Total memory bits                  ; 0                                               ;
; Embedded Multiplier 9-bit elements ; 0                                               ;
; Total PLLs                         ; 0                                               ;
+------------------------------------+-------------------------------------------------+


+------------------------------------------------------------------------------------------------------------+
; Analysis & Synthesis Settings                                                                              ;
+------------------------------------------------------------------+--------------------+--------------------+
; Option                                                           ; Setting            ; Default Value      ;
+------------------------------------------------------------------+--------------------+--------------------+
; Device                                                           ; 10CL006YU256C8G    ;                    ;
; Top-level entity name                                            ; pc16               ; lab5               ;
; Family name                                                      ; Cyclone 10 LP      ; Cyclone V          ;
; Use smart compilation                                            ; Off                ; Off                ;
; Enable parallel Assembler and Timing Analyzer during compilation ; On                 ; On                 ;
; Enable compact report table                                      ; Off                ; Off                ;
; Restructure Multiplexers                                         ; Auto               ; Auto               ;
; Create Debugging Nodes for IP Cores                              ; Off                ; Off                ;
; Preserve fewer node names                                        ; On                 ; On                 ;
; Intel FPGA IP Evaluation Mode                                    ; Enable             ; Enable             ;
; Verilog Version                                                  ; Verilog_2001       ; Verilog_2001       ;
; VHDL Version                                                     ; VHDL_1993          ; VHDL_1993          ;
; State Machine Processing                                         ; Auto               ; Auto               ;
; Safe State Machine                                               ; Off                ; Off                ;
; Extract Verilog State Machines                                   ; On                 ; On                 ;
; Extract VHDL State Machines                                      ; On                 ; On                 ;
; Ignore Verilog initial constructs                                ; Off                ; Off                ;
; Iteration limit for constant Verilog loops                       ; 5000               ; 5000               ;
; Iteration limit for non-constant Verilog loops                   ; 250                ; 250                ;
; Add Pass-Through Logic to Inferred RAMs                          ; On                 ; On                 ;
; Infer RAMs from Raw Logic                                        ; On                 ; On                 ;
; Parallel Synthesis                                               ; On                 ; On                 ;
; DSP Block Balancing                                              ; Auto               ; Auto               ;
; NOT Gate Push-Back                                               ; On                 ; On                 ;
; Power-Up Don't Care                                              ; On                 ; On                 ;
; Remove Redundant Logic Cells                                     ; Off                ; Off                ;
; Remove Duplicate Registers                                       ; On                 ; On                 ;
; Ignore CARRY Buffers                                             ; Off                ; Off                ;
; Ignore CASCADE Buffers                                           ; Off                ; Off                ;
; Ignore GLOBAL Buffers                                            ; Off                ; Off                ;
; Ignore ROW GLOBAL Buffers                                        ; Off                ; Off                ;
; Ignore LCELL Buffers                                             ; Off                ; Off                ;
; Ignore SOFT Buffers                                              ; On                 ; On                 ;
; Limit AHDL Integers to 32 Bits                                   ; Off                ; Off                ;
; Optimization Technique                                           ; Balanced           ; Balanced           ;
; Carry Chain Length                                               ; 70                 ; 70                 ;
; Auto Carry Chains                                                ; On                 ; On                 ;
; Auto Open-Drain Pins                                             ; On                 ; On                 ;
; Perform WYSIWYG Primitive Resynthesis                            ; Off                ; Off                ;
; Auto ROM Replacement                                             ; On                 ; On                 ;
; Auto RAM Replacement                                             ; On                 ; On                 ;
; Auto DSP Block Replacement                                       ; On                 ; On                 ;
; Auto Shift Register Replacement                                  ; Auto               ; Auto               ;
; Allow Shift Register Merging across Hierarchies                  ; Auto               ; Auto               ;
; Auto Clock Enable Replacement                                    ; On                 ; On                 ;
; Strict RAM Replacement                                           ; Off                ; Off                ;
; Allow Synchronous Control Signals                                ; On                 ; On                 ;
; Force Use of Synchronous Clear Signals                           ; Off                ; Off                ;
; Auto RAM Block Balancing                                         ; On                 ; On                 ;
; Auto RAM to Logic Cell Conversion                                ; Off                ; Off                ;
; Auto Resource Sharing                                            ; Off                ; Off                ;
; Allow Any RAM Size For Recognition                               ; Off                ; Off                ;
; Allow Any ROM Size For Recognition                               ; Off                ; Off                ;
; Allow Any Shift Register Size For Recognition                    ; Off                ; Off                ;
; Use LogicLock Constraints during Resource Balancing              ; On                 ; On                 ;
; Ignore translate_off and synthesis_off directives                ; Off                ; Off                ;
; Timing-Driven Synthesis                                          ; On                 ; On                 ;
; Report Parameter Settings                                        ; On                 ; On                 ;
; Report Source Assignments                                        ; On                 ; On                 ;
; Report Connectivity Checks                                       ; On                 ; On                 ;
; Ignore Maximum Fan-Out Assignments                               ; Off                ; Off                ;
; Synchronization Register Chain Length                            ; 2                  ; 2                  ;
; Power Optimization During Synthesis                              ; Normal compilation ; Normal compilation ;
; HDL message level                                                ; Level2             ; Level2             ;
; Suppress Register Optimization Related Messages                  ; Off                ; Off                ;
; Number of Removed Registers Reported in Synthesis Report         ; 5000               ; 5000               ;
; Number of Swept Nodes Reported in Synthesis Report               ; 5000               ; 5000               ;
; Number of Inverted Registers Reported in Synthesis Report        ; 100                ; 100                ;
; Clock MUX Protection                                             ; On                 ; On                 ;
; Auto Gated Clock Conversion                                      ; Off                ; Off                ;
; Block Design Naming                                              ; Auto               ; Auto               ;
; SDC constraint protection                                        ; Off                ; Off                ;
; Synthesis Effort                                                 ; Auto               ; Auto               ;
; Shift Register Replacement - Allow Asynchronous Clear Signal     ; On                 ; On                 ;
; Pre-Mapping Resynthesis Optimization                             ; Off                ; Off                ;
; Analysis & Synthesis Message Level                               ; Medium             ; Medium             ;
; Disable Register Merging Across Hierarchies                      ; Auto               ; Auto               ;
; Resource Aware Inference For Block RAM                           ; On                 ; On                 ;
+------------------------------------------------------------------+--------------------+--------------------+


+------------------------------------------+
; Parallel Compilation                     ;
+----------------------------+-------------+
; Processors                 ; Number      ;
+----------------------------+-------------+
; Number detected on machine ; 4           ;
; Maximum allowed            ; 2           ;
;                            ;             ;
; Average used               ; 1.00        ;
; Maximum used               ; 2           ;
;                            ;             ;
; Usage by Processor         ; % Time Used ;
;     Processor 1            ; 100.0%      ;
;     Processor 2            ;   0.0%      ;
+----------------------------+-------------+


+-------------------------------------------------------------------------------------------------------------------------------------------------------------------------------------------------------------------------------------------+
; Analysis & Synthesis Source Files Read                                                                                                                                                                                                    ;
+-----------------------------------------------------+-----------------+------------------------------------+-------------------------------------------------------------------------------------------------------------------+----------+
; File Name with User-Entered Path                    ; Used in Netlist ; File Type                          ; File Name with Absolute Path                                                                                      ; Library  ;
+-----------------------------------------------------+-----------------+------------------------------------+-------------------------------------------------------------------------------------------------------------------+----------+
; fdiv_s_p/synthesis/submodules/altsource_probe_top.v ; yes             ; User Verilog HDL File              ; C:/Users/Kaizyn/Documents/MySmallProjects/hdu2020ShuDian/lab5/fdiv_s_p/synthesis/submodules/altsource_probe_top.v ; fdiv_s_p ;
; pmux21.v                                            ; yes             ; User Wizard-Generated File         ; C:/Users/Kaizyn/Documents/MySmallProjects/hdu2020ShuDian/lab5/pmux21.v                                            ;          ;
; padd.v                                              ; yes             ; User Wizard-Generated File         ; C:/Users/Kaizyn/Documents/MySmallProjects/hdu2020ShuDian/lab5/padd.v                                              ;          ;
; pcnt.v                                              ; yes             ; User Wizard-Generated File         ; C:/Users/Kaizyn/Documents/MySmallProjects/hdu2020ShuDian/lab5/pcnt.v                                              ;          ;
; pc16.bdf                                            ; yes             ; User Block Diagram/Schematic File  ; C:/Users/Kaizyn/Documents/MySmallProjects/hdu2020ShuDian/lab5/pc16.bdf                                            ;          ;
; lpm_counter.tdf                                     ; yes             ; Megafunction                       ; c:/intelfpga/18.1/quartus/libraries/megafunctions/lpm_counter.tdf                                                 ;          ;
; lpm_constant.inc                                    ; yes             ; Megafunction                       ; c:/intelfpga/18.1/quartus/libraries/megafunctions/lpm_constant.inc                                                ;          ;
; lpm_decode.inc                                      ; yes             ; Megafunction                       ; c:/intelfpga/18.1/quartus/libraries/megafunctions/lpm_decode.inc                                                  ;          ;
; lpm_add_sub.inc                                     ; yes             ; Megafunction                       ; c:/intelfpga/18.1/quartus/libraries/megafunctions/lpm_add_sub.inc                                                 ;          ;
; cmpconst.inc                                        ; yes             ; Megafunction                       ; c:/intelfpga/18.1/quartus/libraries/megafunctions/cmpconst.inc                                                    ;          ;
; lpm_compare.inc                                     ; yes             ; Megafunction                       ; c:/intelfpga/18.1/quartus/libraries/megafunctions/lpm_compare.inc                                                 ;          ;
; lpm_counter.inc                                     ; yes             ; Megafunction                       ; c:/intelfpga/18.1/quartus/libraries/megafunctions/lpm_counter.inc                                                 ;          ;
; dffeea.inc                                          ; yes             ; Megafunction                       ; c:/intelfpga/18.1/quartus/libraries/megafunctions/dffeea.inc                                                      ;          ;
; alt_counter_stratix.inc                             ; yes             ; Megafunction                       ; c:/intelfpga/18.1/quartus/libraries/megafunctions/alt_counter_stratix.inc                                         ;          ;
; aglobal181.inc                                      ; yes             ; Megafunction                       ; c:/intelfpga/18.1/quartus/libraries/megafunctions/aglobal181.inc                                                  ;          ;
; db/cntr_ssj.tdf                                     ; yes             ; Auto-Generated Megafunction        ; C:/Users/Kaizyn/Documents/MySmallProjects/hdu2020ShuDian/lab5/db/cntr_ssj.tdf                                     ;          ;
; lpm_add_sub.tdf                                     ; yes             ; Megafunction                       ; c:/intelfpga/18.1/quartus/libraries/megafunctions/lpm_add_sub.tdf                                                 ;          ;
; addcore.inc                                         ; yes             ; Megafunction                       ; c:/intelfpga/18.1/quartus/libraries/megafunctions/addcore.inc                                                     ;          ;
; look_add.inc                                        ; yes             ; Megafunction                       ; c:/intelfpga/18.1/quartus/libraries/megafunctions/look_add.inc                                                    ;          ;
; bypassff.inc                                        ; yes             ; Megafunction                       ; c:/intelfpga/18.1/quartus/libraries/megafunctions/bypassff.inc                                                    ;          ;
; altshift.inc                                        ; yes             ; Megafunction                       ; c:/intelfpga/18.1/quartus/libraries/megafunctions/altshift.inc                                                    ;          ;
; alt_stratix_add_sub.inc                             ; yes             ; Megafunction                       ; c:/intelfpga/18.1/quartus/libraries/megafunctions/alt_stratix_add_sub.inc                                         ;          ;
; db/add_sub_6qh.tdf                                  ; yes             ; Auto-Generated Megafunction        ; C:/Users/Kaizyn/Documents/MySmallProjects/hdu2020ShuDian/lab5/db/add_sub_6qh.tdf                                  ;          ;
; lpm_mux.tdf                                         ; yes             ; Megafunction                       ; c:/intelfpga/18.1/quartus/libraries/megafunctions/lpm_mux.tdf                                                     ;          ;
; muxlut.inc                                          ; yes             ; Megafunction                       ; c:/intelfpga/18.1/quartus/libraries/megafunctions/muxlut.inc                                                      ;          ;
; db/mux_msc.tdf                                      ; yes             ; Auto-Generated Megafunction        ; C:/Users/Kaizyn/Documents/MySmallProjects/hdu2020ShuDian/lab5/db/mux_msc.tdf                                      ;          ;
+-----------------------------------------------------+-----------------+------------------------------------+-------------------------------------------------------------------------------------------------------------------+----------+


+-------------------------------------------------------------+
; Analysis & Synthesis Resource Usage Summary                 ;
+---------------------------------------------+---------------+
; Resource                                    ; Usage         ;
+---------------------------------------------+---------------+
; Estimated Total logic elements              ; 65            ;
;                                             ;               ;
; Total combinational functions               ; 65            ;
; Logic element usage by number of LUT inputs ;               ;
;     -- 4 input functions                    ; 0             ;
;     -- 3 input functions                    ; 30            ;
;     -- <=2 input functions                  ; 35            ;
;                                             ;               ;
; Logic elements by mode                      ;               ;
;     -- normal mode                          ; 20            ;
;     -- arithmetic mode                      ; 45            ;
;                                             ;               ;
; Total registers                             ; 16            ;
;     -- Dedicated logic registers            ; 16            ;
;     -- I/O registers                        ; 0             ;
;                                             ;               ;
; I/O pins                                    ; 45            ;
;                                             ;               ;
; Embedded Multiplier 9-bit elements          ; 0             ;
;                                             ;               ;
; Maximum fan-out node                        ; pc_load~input ;
; Maximum fan-out                             ; 17            ;
; Total fan-out                               ; 316           ;
; Average fan-out                             ; 1.85          ;
+---------------------------------------------+---------------+


+-----------------------------------------------------------------------------------------------------------------------------------------------------------------------------------------------------------------------------------------------------------------------------------+
; Analysis & Synthesis Resource Utilization by Entity                                                                                                                                                                                                                               ;
+-------------------------------------------+---------------------+---------------------------+-------------+--------------+---------+-----------+------+--------------+-------------------------------------------------------------------------------+-------------+--------------+
; Compilation Hierarchy Node                ; Combinational ALUTs ; Dedicated Logic Registers ; Memory Bits ; DSP Elements ; DSP 9x9 ; DSP 18x18 ; Pins ; Virtual Pins ; Full Hierarchy Name                                                           ; Entity Name ; Library Name ;
+-------------------------------------------+---------------------+---------------------------+-------------+--------------+---------+-----------+------+--------------+-------------------------------------------------------------------------------+-------------+--------------+
; |pc16                                     ; 65 (0)              ; 16 (0)                    ; 0           ; 0            ; 0       ; 0         ; 45   ; 0            ; |pc16                                                                         ; pc16        ; work         ;
;    |padd:inst1|                           ; 16 (0)              ; 0 (0)                     ; 0           ; 0            ; 0       ; 0         ; 0    ; 0            ; |pc16|padd:inst1                                                              ; padd        ; work         ;
;       |lpm_add_sub:LPM_ADD_SUB_component| ; 16 (0)              ; 0 (0)                     ; 0           ; 0            ; 0       ; 0         ; 0    ; 0            ; |pc16|padd:inst1|lpm_add_sub:LPM_ADD_SUB_component                            ; lpm_add_sub ; work         ;
;          |add_sub_6qh:auto_generated|     ; 16 (16)             ; 0 (0)                     ; 0           ; 0            ; 0       ; 0         ; 0    ; 0            ; |pc16|padd:inst1|lpm_add_sub:LPM_ADD_SUB_component|add_sub_6qh:auto_generated ; add_sub_6qh ; work         ;
;    |padd:inst|                            ; 16 (0)              ; 0 (0)                     ; 0           ; 0            ; 0       ; 0         ; 0    ; 0            ; |pc16|padd:inst                                                               ; padd        ; work         ;
;       |lpm_add_sub:LPM_ADD_SUB_component| ; 16 (0)              ; 0 (0)                     ; 0           ; 0            ; 0       ; 0         ; 0    ; 0            ; |pc16|padd:inst|lpm_add_sub:LPM_ADD_SUB_component                             ; lpm_add_sub ; work         ;
;          |add_sub_6qh:auto_generated|     ; 16 (16)             ; 0 (0)                     ; 0           ; 0            ; 0       ; 0         ; 0    ; 0            ; |pc16|padd:inst|lpm_add_sub:LPM_ADD_SUB_component|add_sub_6qh:auto_generated  ; add_sub_6qh ; work         ;
;    |pcnt:inst3|                           ; 17 (0)              ; 16 (0)                    ; 0           ; 0            ; 0       ; 0         ; 0    ; 0            ; |pc16|pcnt:inst3                                                              ; pcnt        ; work         ;
;       |lpm_counter:LPM_COUNTER_component| ; 17 (0)              ; 16 (0)                    ; 0           ; 0            ; 0       ; 0         ; 0    ; 0            ; |pc16|pcnt:inst3|lpm_counter:LPM_COUNTER_component                            ; lpm_counter ; work         ;
;          |cntr_ssj:auto_generated|        ; 17 (17)             ; 16 (16)                   ; 0           ; 0            ; 0       ; 0         ; 0    ; 0            ; |pc16|pcnt:inst3|lpm_counter:LPM_COUNTER_component|cntr_ssj:auto_generated    ; cntr_ssj    ; work         ;
;    |pmux21:inst2|                         ; 16 (0)              ; 0 (0)                     ; 0           ; 0            ; 0       ; 0         ; 0    ; 0            ; |pc16|pmux21:inst2                                                            ; pmux21      ; work         ;
;       |lpm_mux:LPM_MUX_component|         ; 16 (0)              ; 0 (0)                     ; 0           ; 0            ; 0       ; 0         ; 0    ; 0            ; |pc16|pmux21:inst2|lpm_mux:LPM_MUX_component                                  ; lpm_mux     ; work         ;
;          |mux_msc:auto_generated|         ; 16 (16)             ; 0 (0)                     ; 0           ; 0            ; 0       ; 0         ; 0    ; 0            ; |pc16|pmux21:inst2|lpm_mux:LPM_MUX_component|mux_msc:auto_generated           ; mux_msc     ; work         ;
+-------------------------------------------+---------------------+---------------------------+-------------+--------------+---------+-----------+------+--------------+-------------------------------------------------------------------------------+-------------+--------------+
Note: For table entries with two numbers listed, the numbers in parentheses indicate the number of resources of the given type used by the specific entity alone. The numbers listed outside of parentheses indicate the total resources of the given type used by the specific entity and all of its sub-entities in the hierarchy.


+------------------------------------------------------------------------------------------------------+
; Analysis & Synthesis IP Cores Summary                                                                ;
+--------+--------------+---------+--------------+--------------+--------------------+-----------------+
; Vendor ; IP Core Name ; Version ; Release Date ; License Type ; Entity Instance    ; IP Include File ;
+--------+--------------+---------+--------------+--------------+--------------------+-----------------+
; Altera ; LPM_ADD_SUB  ; 18.1    ; N/A          ; N/A          ; |pc16|padd:inst    ; padd.v          ;
; Altera ; LPM_ADD_SUB  ; 18.1    ; N/A          ; N/A          ; |pc16|padd:inst1   ; padd.v          ;
; Altera ; LPM_MUX      ; 18.1    ; N/A          ; N/A          ; |pc16|pmux21:inst2 ; pmux21.v        ;
; Altera ; LPM_COUNTER  ; 18.1    ; N/A          ; N/A          ; |pc16|pcnt:inst3   ; pcnt.v          ;
+--------+--------------+---------+--------------+--------------+--------------------+-----------------+


+------------------------------------------------------+
; General Register Statistics                          ;
+----------------------------------------------+-------+
; Statistic                                    ; Value ;
+----------------------------------------------+-------+
; Total registers                              ; 16    ;
; Number of registers using Synchronous Clear  ; 0     ;
; Number of registers using Synchronous Load   ; 16    ;
; Number of registers using Asynchronous Clear ; 16    ;
; Number of registers using Asynchronous Load  ; 0     ;
; Number of registers using Clock Enable       ; 16    ;
; Number of registers using Preset             ; 0     ;
+----------------------------------------------+-------+


+-------------------------------------------------------------------------------------------+
; Parameter Settings for User Entity Instance: pcnt:inst3|lpm_counter:LPM_COUNTER_component ;
+------------------------+---------------+--------------------------------------------------+
; Parameter Name         ; Value         ; Type                                             ;
+------------------------+---------------+--------------------------------------------------+
; AUTO_CARRY_CHAINS      ; ON            ; AUTO_CARRY                                       ;
; IGNORE_CARRY_BUFFERS   ; OFF           ; IGNORE_CARRY                                     ;
; AUTO_CASCADE_CHAINS    ; ON            ; AUTO_CASCADE                                     ;
; IGNORE_CASCADE_BUFFERS ; OFF           ; IGNORE_CASCADE                                   ;
; LPM_WIDTH              ; 16            ; Signed Integer                                   ;
; LPM_DIRECTION          ; UP            ; Untyped                                          ;
; LPM_MODULUS            ; 0             ; Untyped                                          ;
; LPM_AVALUE             ; UNUSED        ; Untyped                                          ;
; LPM_SVALUE             ; UNUSED        ; Untyped                                          ;
; LPM_PORT_UPDOWN        ; PORT_UNUSED   ; Untyped                                          ;
; DEVICE_FAMILY          ; Cyclone 10 LP ; Untyped                                          ;
; CARRY_CHAIN            ; MANUAL        ; Untyped                                          ;
; CARRY_CHAIN_LENGTH     ; 48            ; CARRY_CHAIN_LENGTH                               ;
; NOT_GATE_PUSH_BACK     ; ON            ; NOT_GATE_PUSH_BACK                               ;
; CARRY_CNT_EN           ; SMART         ; Untyped                                          ;
; LABWIDE_SCLR           ; ON            ; Untyped                                          ;
; USE_NEW_VERSION        ; TRUE          ; Untyped                                          ;
; CBXI_PARAMETER         ; cntr_ssj      ; Untyped                                          ;
+------------------------+---------------+--------------------------------------------------+
Note: In order to hide this table in the UI and the text report file, please set the "Show Parameter Settings in Synthesis Report" option in "Analysis and Synthesis Settings -> More Settings" to "Off".


+-------------------------------------------------------------------------------------------+
; Parameter Settings for User Entity Instance: padd:inst1|lpm_add_sub:LPM_ADD_SUB_component ;
+------------------------+---------------+--------------------------------------------------+
; Parameter Name         ; Value         ; Type                                             ;
+------------------------+---------------+--------------------------------------------------+
; LPM_WIDTH              ; 16            ; Signed Integer                                   ;
; LPM_REPRESENTATION     ; UNSIGNED      ; Untyped                                          ;
; LPM_DIRECTION          ; ADD           ; Untyped                                          ;
; ONE_INPUT_IS_CONSTANT  ; NO            ; Untyped                                          ;
; LPM_PIPELINE           ; 0             ; Untyped                                          ;
; MAXIMIZE_SPEED         ; 5             ; Untyped                                          ;
; REGISTERED_AT_END      ; 0             ; Untyped                                          ;
; OPTIMIZE_FOR_SPEED     ; 5             ; Untyped                                          ;
; USE_CS_BUFFERS         ; 1             ; Untyped                                          ;
; CARRY_CHAIN            ; MANUAL        ; Untyped                                          ;
; CARRY_CHAIN_LENGTH     ; 48            ; CARRY_CHAIN_LENGTH                               ;
; DEVICE_FAMILY          ; Cyclone 10 LP ; Untyped                                          ;
; USE_WYS                ; OFF           ; Untyped                                          ;
; STYLE                  ; FAST          ; Untyped                                          ;
; CBXI_PARAMETER         ; add_sub_6qh   ; Untyped                                          ;
; AUTO_CARRY_CHAINS      ; ON            ; AUTO_CARRY                                       ;
; IGNORE_CARRY_BUFFERS   ; OFF           ; IGNORE_CARRY                                     ;
; AUTO_CASCADE_CHAINS    ; ON            ; AUTO_CASCADE                                     ;
; IGNORE_CASCADE_BUFFERS ; OFF           ; IGNORE_CASCADE                                   ;
+------------------------+---------------+--------------------------------------------------+
Note: In order to hide this table in the UI and the text report file, please set the "Show Parameter Settings in Synthesis Report" option in "Analysis and Synthesis Settings -> More Settings" to "Off".


+-------------------------------------------------------------------------------------+
; Parameter Settings for User Entity Instance: pmux21:inst2|lpm_mux:LPM_MUX_component ;
+------------------------+---------------+--------------------------------------------+
; Parameter Name         ; Value         ; Type                                       ;
+------------------------+---------------+--------------------------------------------+
; AUTO_CARRY_CHAINS      ; ON            ; AUTO_CARRY                                 ;
; IGNORE_CARRY_BUFFERS   ; OFF           ; IGNORE_CARRY                               ;
; AUTO_CASCADE_CHAINS    ; ON            ; AUTO_CASCADE                               ;
; IGNORE_CASCADE_BUFFERS ; OFF           ; IGNORE_CASCADE                             ;
; LPM_WIDTH              ; 16            ; Signed Integer                             ;
; LPM_SIZE               ; 2             ; Signed Integer                             ;
; LPM_WIDTHS             ; 1             ; Signed Integer                             ;
; LPM_PIPELINE           ; 0             ; Untyped                                    ;
; CBXI_PARAMETER         ; mux_msc       ; Untyped                                    ;
; DEVICE_FAMILY          ; Cyclone 10 LP ; Untyped                                    ;
+------------------------+---------------+--------------------------------------------+
Note: In order to hide this table in the UI and the text report file, please set the "Show Parameter Settings in Synthesis Report" option in "Analysis and Synthesis Settings -> More Settings" to "Off".


+------------------------------------------------------------------------------------------+
; Parameter Settings for User Entity Instance: padd:inst|lpm_add_sub:LPM_ADD_SUB_component ;
+------------------------+---------------+-------------------------------------------------+
; Parameter Name         ; Value         ; Type                                            ;
+------------------------+---------------+-------------------------------------------------+
; LPM_WIDTH              ; 16            ; Signed Integer                                  ;
; LPM_REPRESENTATION     ; UNSIGNED      ; Untyped                                         ;
; LPM_DIRECTION          ; ADD           ; Untyped                                         ;
; ONE_INPUT_IS_CONSTANT  ; NO            ; Untyped                                         ;
; LPM_PIPELINE           ; 0             ; Untyped                                         ;
; MAXIMIZE_SPEED         ; 5             ; Untyped                                         ;
; REGISTERED_AT_END      ; 0             ; Untyped                                         ;
; OPTIMIZE_FOR_SPEED     ; 5             ; Untyped                                         ;
; USE_CS_BUFFERS         ; 1             ; Untyped                                         ;
; CARRY_CHAIN            ; MANUAL        ; Untyped                                         ;
; CARRY_CHAIN_LENGTH     ; 48            ; CARRY_CHAIN_LENGTH                              ;
; DEVICE_FAMILY          ; Cyclone 10 LP ; Untyped                                         ;
; USE_WYS                ; OFF           ; Untyped                                         ;
; STYLE                  ; FAST          ; Untyped                                         ;
; CBXI_PARAMETER         ; add_sub_6qh   ; Untyped                                         ;
; AUTO_CARRY_CHAINS      ; ON            ; AUTO_CARRY                                      ;
; IGNORE_CARRY_BUFFERS   ; OFF           ; IGNORE_CARRY                                    ;
; AUTO_CASCADE_CHAINS    ; ON            ; AUTO_CASCADE                                    ;
; IGNORE_CASCADE_BUFFERS ; OFF           ; IGNORE_CASCADE                                  ;
+------------------------+---------------+-------------------------------------------------+
Note: In order to hide this table in the UI and the text report file, please set the "Show Parameter Settings in Synthesis Report" option in "Analysis and Synthesis Settings -> More Settings" to "Off".


+-----------------------------------------------------+
; Post-Synthesis Netlist Statistics for Top Partition ;
+-----------------------+-----------------------------+
; Type                  ; Count                       ;
+-----------------------+-----------------------------+
; boundary_port         ; 45                          ;
; cycloneiii_ff         ; 16                          ;
;     ENA CLR SLD       ; 16                          ;
; cycloneiii_lcell_comb ; 65                          ;
;     arith             ; 45                          ;
;         2 data inputs ; 15                          ;
;         3 data inputs ; 30                          ;
;     normal            ; 20                          ;
;         1 data inputs ; 1                           ;
;         2 data inputs ; 19                          ;
;                       ;                             ;
; Max LUT depth         ; 3.50                        ;
; Average LUT depth     ; 2.80                        ;
+-----------------------+-----------------------------+


+-------------------------------+
; Elapsed Time Per Partition    ;
+----------------+--------------+
; Partition Name ; Elapsed Time ;
+----------------+--------------+
; Top            ; 00:00:01     ;
+----------------+--------------+


+-------------------------------+
; Analysis & Synthesis Messages ;
+-------------------------------+
Info: *******************************************************************
Info: Running Quartus Prime Analysis & Synthesis
    Info: Version 18.1.0 Build 625 09/12/2018 SJ Standard Edition
    Info: Processing started: Tue Jun 08 20:29:00 2021
Info: Command: quartus_map --read_settings_files=on --write_settings_files=off lab5 -c lab5
Warning (18236): Number of processors has not been specified which may cause overloading on shared machines.  Set the global assignment NUM_PARALLEL_PROCESSORS in your QSF to an appropriate value for best performance.
Info (20030): Parallel compilation is enabled and will use 2 of the 2 processors detected
Info (12021): Found 1 design units, including 1 entities, in source file fdiv_s_p/synthesis/fdiv_s_p.v
    Info (12023): Found entity 1: fdiv_s_p File: C:/Users/Kaizyn/Documents/MySmallProjects/hdu2020ShuDian/lab5/fdiv_s_p/synthesis/fdiv_s_p.v Line: 6
Info (12021): Found 1 design units, including 1 entities, in source file fdiv_s_p/synthesis/submodules/altsource_probe_top.v
    Info (12023): Found entity 1: altsource_probe_top File: C:/Users/Kaizyn/Documents/MySmallProjects/hdu2020ShuDian/lab5/fdiv_s_p/synthesis/submodules/altsource_probe_top.v Line: 14
Info (12021): Found 1 design units, including 1 entities, in source file cnt4.bdf
    Info (12023): Found entity 1: cnt4
Info (12021): Found 1 design units, including 1 entities, in source file bcd1cnt.bdf
    Info (12023): Found entity 1: bcd1cnt
Info (12021): Found 1 design units, including 1 entities, in source file bcnt.v
    Info (12023): Found entity 1: bcnt File: C:/Users/Kaizyn/Documents/MySmallProjects/hdu2020ShuDian/lab5/bcnt.v Line: 39
Info (12021): Found 1 design units, including 1 entities, in source file bcd1cntx.bdf
    Info (12023): Found entity 1: bcd1cntx
Info (12021): Found 1 design units, including 1 entities, in source file mcnt.v
    Info (12023): Found entity 1: mcnt File: C:/Users/Kaizyn/Documents/MySmallProjects/hdu2020ShuDian/lab5/mcnt.v Line: 39
Info (12021): Found 1 design units, including 1 entities, in source file mcmp.v
    Info (12023): Found entity 1: mcmp File: C:/Users/Kaizyn/Documents/MySmallProjects/hdu2020ShuDian/lab5/mcmp.v Line: 39
Info (12021): Found 1 design units, including 1 entities, in source file fdiv.bdf
    Info (12023): Found entity 1: fdiv
Info (12021): Found 1 design units, including 1 entities, in source file pmux21.v
    Info (12023): Found entity 1: pmux21 File: C:/Users/Kaizyn/Documents/MySmallProjects/hdu2020ShuDian/lab5/pmux21.v Line: 39
Info (12021): Found 1 design units, including 1 entities, in source file padd.v
    Info (12023): Found entity 1: padd File: C:/Users/Kaizyn/Documents/MySmallProjects/hdu2020ShuDian/lab5/padd.v Line: 39
Info (12021): Found 1 design units, including 1 entities, in source file pcnt.v
    Info (12023): Found entity 1: pcnt File: C:/Users/Kaizyn/Documents/MySmallProjects/hdu2020ShuDian/lab5/pcnt.v Line: 39
Info (12021): Found 1 design units, including 1 entities, in source file pc16.bdf
    Info (12023): Found entity 1: pc16
Info (12127): Elaborating entity "pc16" for the top level hierarchy
Info (12128): Elaborating entity "pcnt" for hierarchy "pcnt:inst3"
Info (12128): Elaborating entity "lpm_counter" for hierarchy "pcnt:inst3|lpm_counter:LPM_COUNTER_component" File: C:/Users/Kaizyn/Documents/MySmallProjects/hdu2020ShuDian/lab5/pcnt.v Line: 72
Info (12130): Elaborated megafunction instantiation "pcnt:inst3|lpm_counter:LPM_COUNTER_component" File: C:/Users/Kaizyn/Documents/MySmallProjects/hdu2020ShuDian/lab5/pcnt.v Line: 72
Info (12133): Instantiated megafunction "pcnt:inst3|lpm_counter:LPM_COUNTER_component" with the following parameter: File: C:/Users/Kaizyn/Documents/MySmallProjects/hdu2020ShuDian/lab5/pcnt.v Line: 72
    Info (12134): Parameter "lpm_direction" = "UP"
    Info (12134): Parameter "lpm_port_updown" = "PORT_UNUSED"
    Info (12134): Parameter "lpm_type" = "LPM_COUNTER"
    Info (12134): Parameter "lpm_width" = "16"
Info (12021): Found 1 design units, including 1 entities, in source file db/cntr_ssj.tdf
    Info (12023): Found entity 1: cntr_ssj File: C:/Users/Kaizyn/Documents/MySmallProjects/hdu2020ShuDian/lab5/db/cntr_ssj.tdf Line: 25
Info (12128): Elaborating entity "cntr_ssj" for hierarchy "pcnt:inst3|lpm_counter:LPM_COUNTER_component|cntr_ssj:auto_generated" File: c:/intelfpga/18.1/quartus/libraries/megafunctions/lpm_counter.tdf Line: 258
Info (12128): Elaborating entity "padd" for hierarchy "padd:inst1"
Info (12128): Elaborating entity "lpm_add_sub" for hierarchy "padd:inst1|lpm_add_sub:LPM_ADD_SUB_component" File: C:/Users/Kaizyn/Documents/MySmallProjects/hdu2020ShuDian/lab5/padd.v Line: 65
Info (12130): Elaborated megafunction instantiation "padd:inst1|lpm_add_sub:LPM_ADD_SUB_component" File: C:/Users/Kaizyn/Documents/MySmallProjects/hdu2020ShuDian/lab5/padd.v Line: 65
Info (12133): Instantiated megafunction "padd:inst1|lpm_add_sub:LPM_ADD_SUB_component" with the following parameter: File: C:/Users/Kaizyn/Documents/MySmallProjects/hdu2020ShuDian/lab5/padd.v Line: 65
    Info (12134): Parameter "lpm_direction" = "ADD"
    Info (12134): Parameter "lpm_hint" = "ONE_INPUT_IS_CONSTANT=NO,CIN_USED=NO"
    Info (12134): Parameter "lpm_representation" = "UNSIGNED"
    Info (12134): Parameter "lpm_type" = "LPM_ADD_SUB"
    Info (12134): Parameter "lpm_width" = "16"
Info (12021): Found 1 design units, including 1 entities, in source file db/add_sub_6qh.tdf
    Info (12023): Found entity 1: add_sub_6qh File: C:/Users/Kaizyn/Documents/MySmallProjects/hdu2020ShuDian/lab5/db/add_sub_6qh.tdf Line: 22
Info (12128): Elaborating entity "add_sub_6qh" for hierarchy "padd:inst1|lpm_add_sub:LPM_ADD_SUB_component|add_sub_6qh:auto_generated" File: c:/intelfpga/18.1/quartus/libraries/megafunctions/lpm_add_sub.tdf Line: 118
Info (12128): Elaborating entity "pmux21" for hierarchy "pmux21:inst2"
Info (12128): Elaborating entity "lpm_mux" for hierarchy "pmux21:inst2|lpm_mux:LPM_MUX_component" File: C:/Users/Kaizyn/Documents/MySmallProjects/hdu2020ShuDian/lab5/pmux21.v Line: 68
Info (12130): Elaborated megafunction instantiation "pmux21:inst2|lpm_mux:LPM_MUX_component" File: C:/Users/Kaizyn/Documents/MySmallProjects/hdu2020ShuDian/lab5/pmux21.v Line: 68
Info (12133): Instantiated megafunction "pmux21:inst2|lpm_mux:LPM_MUX_component" with the following parameter: File: C:/Users/Kaizyn/Documents/MySmallProjects/hdu2020ShuDian/lab5/pmux21.v Line: 68
    Info (12134): Parameter "lpm_size" = "2"
    Info (12134): Parameter "lpm_type" = "LPM_MUX"
    Info (12134): Parameter "lpm_width" = "16"
    Info (12134): Parameter "lpm_widths" = "1"
Info (12021): Found 1 design units, including 1 entities, in source file db/mux_msc.tdf
    Info (12023): Found entity 1: mux_msc File: C:/Users/Kaizyn/Documents/MySmallProjects/hdu2020ShuDian/lab5/db/mux_msc.tdf Line: 22
Info (12128): Elaborating entity "mux_msc" for hierarchy "pmux21:inst2|lpm_mux:LPM_MUX_component|mux_msc:auto_generated" File: c:/intelfpga/18.1/quartus/libraries/megafunctions/lpm_mux.tdf Line: 86
Info (13014): Ignored 16 buffer(s)
    Info (13019): Ignored 16 SOFT buffer(s)
Info (286030): Timing-Driven Synthesis is running
Warning (20013): Ignored 19 assignments for entity "altsource_probe_top" -- entity does not exist in design
Warning (20013): Ignored 16 assignments for entity "fdiv_s_p" -- entity does not exist in design
Info (16010): Generating hard_block partition "hard_block:auto_generated_inst"
    Info (16011): Adding 0 node(s), including 0 DDIO, 0 PLL, 0 transceiver and 0 LCELL
Info (21057): Implemented 110 device resources after synthesis - the final resource count might be different
    Info (21058): Implemented 29 input pins
    Info (21059): Implemented 16 output pins
    Info (21061): Implemented 65 logic cells
Info: Quartus Prime Analysis & Synthesis was successful. 0 errors, 3 warnings
    Info: Peak virtual memory: 4788 megabytes
    Info: Processing ended: Tue Jun 08 20:29:35 2021
    Info: Elapsed time: 00:00:35
    Info: Total CPU time (on all processors): 00:01:04


