#-----------------------------------------------------------
# Vivado v2018.3 (64-bit)
# SW Build 2405991 on Thu Dec  6 23:38:27 MST 2018
# IP Build 2404404 on Fri Dec  7 01:43:56 MST 2018
# Start of session at: Tue Apr  6 19:58:06 2021
# Process ID: 14856
# Current directory: C:/Users/Kaizyn/Documents/MySmallProjects/hdu2021COPractice/02_full_Adder
# Command line: vivado.exe -gui_launcher_event rodinguilauncherevent6272 C:\Users\Kaizyn\Documents\MySmallProjects\hdu2021COPractice\02_full_Adder\02_full_Adder.xpr
# Log file: C:/Users/Kaizyn/Documents/MySmallProjects/hdu2021COPractice/02_full_Adder/vivado.log
# Journal file: C:/Users/Kaizyn/Documents/MySmallProjects/hdu2021COPractice/02_full_Adder\vivado.jou
#-----------------------------------------------------------
start_gui
open_project C:/Users/Kaizyn/Documents/MySmallProjects/hdu2021COPractice/02_full_Adder/02_full_Adder.xpr
Scanning sources...
Finished scanning sources
INFO: [IP_Flow 19-234] Refreshing IP repositories
INFO: [IP_Flow 19-1704] No user IP repositories specified
INFO: [IP_Flow 19-2313] Loaded Vivado IP repository 'C:/Xilinx/Vivado/2018.3/data/ip'.
open_project: Time (s): cpu = 00:00:12 ; elapsed = 00:00:05 . Memory (MB): peak = 677.848 ; gain = 88.191
add_files -norecurse {C:/Users/Kaizyn/Documents/MySmallProjects/hdu2021COPractice/02_full_Adder/Board.v C:/Users/Kaizyn/Documents/MySmallProjects/hdu2021COPractice/02_full_Adder/Display.v}
update_compile_order -fileset sources_1
update_compile_order -fileset sources_1
add_files -fileset constrs_1 -norecurse C:/Users/Kaizyn/Documents/MySmallProjects/hdu2021COPractice/02_full_Adder/Board.xdc
add_files -norecurse C:/Users/Kaizyn/Documents/MySmallProjects/hdu2021COPractice/02_full_Adder/FullAdder.v
update_compile_order -fileset sources_1
update_compile_order -fileset sources_1
set_property SOURCE_SET sources_1 [get_filesets sim_1]
add_files -fileset sim_1 -norecurse C:/Users/Kaizyn/Documents/MySmallProjects/hdu2021COPractice/02_full_Adder/FullAdder_Test.v
update_compile_order -fileset sim_1
set_property top FullAdder_Test [get_filesets sim_1]
set_property top_lib xil_defaultlib [get_filesets sim_1]
update_compile_order -fileset sim_1
exit
INFO: [Common 17-206] Exiting Vivado at Tue Apr  6 21:10:18 2021...
