#-----------------------------------------------------------
# Vivado v2018.3 (64-bit)
# SW Build 2405991 on Thu Dec  6 23:38:27 MST 2018
# IP Build 2404404 on Fri Dec  7 01:43:56 MST 2018
# Start of session at: Mon Apr 26 10:02:33 2021
# Process ID: 1148
# Current directory: C:/Users/Kaizyn/Documents/MySmallProjects/hdu2021COPractice/03
# Command line: vivado.exe -gui_launcher_event rodinguilauncherevent616 C:\Users\Kaizyn\Documents\MySmallProjects\hdu2021COPractice\03\03.xpr
# Log file: C:/Users/Kaizyn/Documents/MySmallProjects/hdu2021COPractice/03/vivado.log
# Journal file: C:/Users/Kaizyn/Documents/MySmallProjects/hdu2021COPractice/03\vivado.jou
#-----------------------------------------------------------
start_gui
open_project C:/Users/Kaizyn/Documents/MySmallProjects/hdu2021COPractice/03/03.xpr
Scanning sources...
Finished scanning sources
INFO: [IP_Flow 19-234] Refreshing IP repositories
INFO: [IP_Flow 19-1704] No user IP repositories specified
INFO: [IP_Flow 19-2313] Loaded Vivado IP repository 'C:/Xilinx/Vivado/2018.3/data/ip'.
open_project: Time (s): cpu = 00:00:12 ; elapsed = 00:00:06 . Memory (MB): peak = 718.090 ; gain = 128.484
update_compile_order -fileset sources_1
reset_run synth_1
launch_runs synth_1 -jobs 4
[Mon Apr 26 10:03:08 2021] Launched synth_1...
Run output will be captured here: C:/Users/Kaizyn/Documents/MySmallProjects/hdu2021COPractice/03/03.runs/synth_1/runme.log
launch_simulation
INFO: [Vivado 12-5682] Launching behavioral simulation in 'C:/Users/Kaizyn/Documents/MySmallProjects/hdu2021COPractice/03/03.sim/sim_1/behav/xsim'
INFO: [SIM-utils-51] Simulation object is 'sim_1'
INFO: [USF-XSim-7] Finding pre-compiled libraries...
INFO: [USF-XSim-11] File 'C:/Xilinx/Vivado/2018.3/data/xsim/xsim.ini' copied to run dir:'C:/Users/Kaizyn/Documents/MySmallProjects/hdu2021COPractice/03/03.sim/sim_1/behav/xsim'
INFO: [SIM-utils-54] Inspecting design source files for 'Test' in fileset 'sim_1'...
INFO: [USF-XSim-97] Finding global include files...
INFO: [USF-XSim-98] Fetching design files from 'sim_1'...
INFO: [USF-XSim-2] XSim::Compile design
INFO: [USF-XSim-61] Executing 'COMPILE and ANALYZE' step in 'C:/Users/Kaizyn/Documents/MySmallProjects/hdu2021COPractice/03/03.sim/sim_1/behav/xsim'
"xvlog --incr --relax -prj Test_vlog.prj"
INFO: [VRFC 10-2263] Analyzing Verilog file "C:/Users/Kaizyn/Documents/MySmallProjects/hdu2021COPractice/03/Multi_Reg.v" into library xil_defaultlib
INFO: [VRFC 10-311] analyzing module Multi_Reg
INFO: [VRFC 10-2263] Analyzing Verilog file "C:/Users/Kaizyn/Documents/MySmallProjects/hdu2021COPractice/03/Test.v" into library xil_defaultlib
INFO: [VRFC 10-311] analyzing module Test
INFO: [USF-XSim-69] 'compile' step finished in '2' seconds
INFO: [USF-XSim-3] XSim::Elaborate design
INFO: [USF-XSim-61] Executing 'ELABORATE' step in 'C:/Users/Kaizyn/Documents/MySmallProjects/hdu2021COPractice/03/03.sim/sim_1/behav/xsim'
Vivado Simulator 2018.3
Copyright 1986-1999, 2001-2018 Xilinx, Inc. All Rights Reserved.
Running: C:/Xilinx/Vivado/2018.3/bin/unwrapped/win64.o/xelab.exe -wto b5434958f7e94966bed17bca6253e0c1 --incr --debug typical --relax --mt 2 -L xil_defaultlib -L unisims_ver -L unimacro_ver -L secureip -L xpm --snapshot Test_behav xil_defaultlib.Test xil_defaultlib.glbl -log elaborate.log 
Using 2 slave threads.
Starting static elaboration
Completed static elaboration
Starting simulation data flow analysis
Completed simulation data flow analysis
Time Resolution for simulation is 1ps
Compiling module xil_defaultlib.Multi_Reg_default
Compiling module xil_defaultlib.Test
Compiling module xil_defaultlib.glbl
Built simulation snapshot Test_behav
INFO: [USF-XSim-69] 'elaborate' step finished in '2' seconds
INFO: [USF-XSim-4] XSim::Simulate design
INFO: [USF-XSim-61] Executing 'SIMULATE' step in 'C:/Users/Kaizyn/Documents/MySmallProjects/hdu2021COPractice/03/03.sim/sim_1/behav/xsim'
INFO: [USF-XSim-98] *** Running xsim
   with args "Test_behav -key {Behavioral:sim_1:Functional:Test} -tclbatch {Test.tcl} -log {simulate.log}"
INFO: [USF-XSim-8] Loading simulator feature
Vivado Simulator 2018.3
Time resolution is 1 ps
source Test.tcl
# set curr_wave [current_wave_config]
# if { [string length $curr_wave] == 0 } {
#   if { [llength [get_objects]] > 0} {
#     add_wave /
#     set_property needs_save false [current_wave_config]
#   } else {
#      send_msg_id Add_Wave-1 WARNING "No top level signals found. Simulator will start without a wave window. If you want to open a wave window go to 'File->New Waveform Configuration' or type 'create_wave_config' in the TCL console."
#   }
# }
# run 1000ns
INFO: [USF-XSim-96] XSim completed. Design snapshot 'Test_behav' loaded.
INFO: [USF-XSim-97] XSim simulation ran for 1000ns
launch_simulation: Time (s): cpu = 00:00:07 ; elapsed = 00:00:08 . Memory (MB): peak = 735.480 ; gain = 17.391
close_sim
INFO: [Simtcl 6-16] Simulation closed
launch_simulation
INFO: [Vivado 12-5682] Launching behavioral simulation in 'C:/Users/Kaizyn/Documents/MySmallProjects/hdu2021COPractice/03/03.sim/sim_1/behav/xsim'
INFO: [SIM-utils-51] Simulation object is 'sim_1'
INFO: [USF-XSim-7] Finding pre-compiled libraries...
INFO: [USF-XSim-11] File 'C:/Xilinx/Vivado/2018.3/data/xsim/xsim.ini' copied to run dir:'C:/Users/Kaizyn/Documents/MySmallProjects/hdu2021COPractice/03/03.sim/sim_1/behav/xsim'
INFO: [SIM-utils-54] Inspecting design source files for 'Test' in fileset 'sim_1'...
INFO: [USF-XSim-97] Finding global include files...
INFO: [USF-XSim-98] Fetching design files from 'sim_1'...
INFO: [USF-XSim-2] XSim::Compile design
INFO: [USF-XSim-61] Executing 'COMPILE and ANALYZE' step in 'C:/Users/Kaizyn/Documents/MySmallProjects/hdu2021COPractice/03/03.sim/sim_1/behav/xsim'
"xvlog --incr --relax -prj Test_vlog.prj"
INFO: [VRFC 10-2263] Analyzing Verilog file "C:/Users/Kaizyn/Documents/MySmallProjects/hdu2021COPractice/03/Multi_Reg.v" into library xil_defaultlib
INFO: [VRFC 10-311] analyzing module Multi_Reg
INFO: [VRFC 10-2263] Analyzing Verilog file "C:/Users/Kaizyn/Documents/MySmallProjects/hdu2021COPractice/03/Test.v" into library xil_defaultlib
INFO: [VRFC 10-311] analyzing module Test
INFO: [USF-XSim-69] 'compile' step finished in '2' seconds
INFO: [USF-XSim-3] XSim::Elaborate design
INFO: [USF-XSim-61] Executing 'ELABORATE' step in 'C:/Users/Kaizyn/Documents/MySmallProjects/hdu2021COPractice/03/03.sim/sim_1/behav/xsim'
Vivado Simulator 2018.3
Copyright 1986-1999, 2001-2018 Xilinx, Inc. All Rights Reserved.
Running: C:/Xilinx/Vivado/2018.3/bin/unwrapped/win64.o/xelab.exe -wto b5434958f7e94966bed17bca6253e0c1 --incr --debug typical --relax --mt 2 -L xil_defaultlib -L unisims_ver -L unimacro_ver -L secureip -L xpm --snapshot Test_behav xil_defaultlib.Test xil_defaultlib.glbl -log elaborate.log 
Using 2 slave threads.
Starting static elaboration
Completed static elaboration
Starting simulation data flow analysis
Completed simulation data flow analysis
Time Resolution for simulation is 1ps
Compiling module xil_defaultlib.Multi_Reg_default
Compiling module xil_defaultlib.Test
Compiling module xil_defaultlib.glbl
Built simulation snapshot Test_behav
INFO: [USF-XSim-69] 'elaborate' step finished in '1' seconds
INFO: [USF-XSim-4] XSim::Simulate design
INFO: [USF-XSim-61] Executing 'SIMULATE' step in 'C:/Users/Kaizyn/Documents/MySmallProjects/hdu2021COPractice/03/03.sim/sim_1/behav/xsim'
INFO: [USF-XSim-98] *** Running xsim
   with args "Test_behav -key {Behavioral:sim_1:Functional:Test} -tclbatch {Test.tcl} -log {simulate.log}"
INFO: [USF-XSim-8] Loading simulator feature
Vivado Simulator 2018.3
Time resolution is 1 ps
source Test.tcl
# set curr_wave [current_wave_config]
# if { [string length $curr_wave] == 0 } {
#   if { [llength [get_objects]] > 0} {
#     add_wave /
#     set_property needs_save false [current_wave_config]
#   } else {
#      send_msg_id Add_Wave-1 WARNING "No top level signals found. Simulator will start without a wave window. If you want to open a wave window go to 'File->New Waveform Configuration' or type 'create_wave_config' in the TCL console."
#   }
# }
# run 1000ns
INFO: [USF-XSim-96] XSim completed. Design snapshot 'Test_behav' loaded.
INFO: [USF-XSim-97] XSim simulation ran for 1000ns
launch_simulation: Time (s): cpu = 00:00:04 ; elapsed = 00:00:06 . Memory (MB): peak = 738.352 ; gain = 1.340
close_sim
INFO: [Simtcl 6-16] Simulation closed
launch_simulation
INFO: [Vivado 12-5682] Launching behavioral simulation in 'C:/Users/Kaizyn/Documents/MySmallProjects/hdu2021COPractice/03/03.sim/sim_1/behav/xsim'
INFO: [SIM-utils-51] Simulation object is 'sim_1'
INFO: [USF-XSim-7] Finding pre-compiled libraries...
INFO: [USF-XSim-11] File 'C:/Xilinx/Vivado/2018.3/data/xsim/xsim.ini' copied to run dir:'C:/Users/Kaizyn/Documents/MySmallProjects/hdu2021COPractice/03/03.sim/sim_1/behav/xsim'
INFO: [SIM-utils-54] Inspecting design source files for 'Test' in fileset 'sim_1'...
INFO: [USF-XSim-97] Finding global include files...
INFO: [USF-XSim-98] Fetching design files from 'sim_1'...
INFO: [USF-XSim-2] XSim::Compile design
INFO: [USF-XSim-61] Executing 'COMPILE and ANALYZE' step in 'C:/Users/Kaizyn/Documents/MySmallProjects/hdu2021COPractice/03/03.sim/sim_1/behav/xsim'
"xvlog --incr --relax -prj Test_vlog.prj"
INFO: [VRFC 10-2263] Analyzing Verilog file "C:/Users/Kaizyn/Documents/MySmallProjects/hdu2021COPractice/03/Multi_Reg.v" into library xil_defaultlib
INFO: [VRFC 10-311] analyzing module Multi_Reg
INFO: [VRFC 10-2263] Analyzing Verilog file "C:/Users/Kaizyn/Documents/MySmallProjects/hdu2021COPractice/03/Test.v" into library xil_defaultlib
INFO: [VRFC 10-311] analyzing module Test
INFO: [USF-XSim-69] 'compile' step finished in '2' seconds
INFO: [USF-XSim-3] XSim::Elaborate design
INFO: [USF-XSim-61] Executing 'ELABORATE' step in 'C:/Users/Kaizyn/Documents/MySmallProjects/hdu2021COPractice/03/03.sim/sim_1/behav/xsim'
Vivado Simulator 2018.3
Copyright 1986-1999, 2001-2018 Xilinx, Inc. All Rights Reserved.
Running: C:/Xilinx/Vivado/2018.3/bin/unwrapped/win64.o/xelab.exe -wto b5434958f7e94966bed17bca6253e0c1 --incr --debug typical --relax --mt 2 -L xil_defaultlib -L unisims_ver -L unimacro_ver -L secureip -L xpm --snapshot Test_behav xil_defaultlib.Test xil_defaultlib.glbl -log elaborate.log 
Using 2 slave threads.
Starting static elaboration
Completed static elaboration
Starting simulation data flow analysis
Completed simulation data flow analysis
Time Resolution for simulation is 1ps
Compiling module xil_defaultlib.Multi_Reg_default
Compiling module xil_defaultlib.Test
Compiling module xil_defaultlib.glbl
Built simulation snapshot Test_behav
INFO: [USF-XSim-69] 'elaborate' step finished in '2' seconds
INFO: [USF-XSim-4] XSim::Simulate design
INFO: [USF-XSim-61] Executing 'SIMULATE' step in 'C:/Users/Kaizyn/Documents/MySmallProjects/hdu2021COPractice/03/03.sim/sim_1/behav/xsim'
INFO: [USF-XSim-98] *** Running xsim
   with args "Test_behav -key {Behavioral:sim_1:Functional:Test} -tclbatch {Test.tcl} -log {simulate.log}"
INFO: [USF-XSim-8] Loading simulator feature
Vivado Simulator 2018.3
Time resolution is 1 ps
source Test.tcl
# set curr_wave [current_wave_config]
# if { [string length $curr_wave] == 0 } {
#   if { [llength [get_objects]] > 0} {
#     add_wave /
#     set_property needs_save false [current_wave_config]
#   } else {
#      send_msg_id Add_Wave-1 WARNING "No top level signals found. Simulator will start without a wave window. If you want to open a wave window go to 'File->New Waveform Configuration' or type 'create_wave_config' in the TCL console."
#   }
# }
# run 1000ns
INFO: [USF-XSim-96] XSim completed. Design snapshot 'Test_behav' loaded.
INFO: [USF-XSim-97] XSim simulation ran for 1000ns
launch_simulation: Time (s): cpu = 00:00:03 ; elapsed = 00:00:06 . Memory (MB): peak = 740.656 ; gain = 0.000
close_sim
INFO: [Simtcl 6-16] Simulation closed
launch_simulation
INFO: [Vivado 12-5682] Launching behavioral simulation in 'C:/Users/Kaizyn/Documents/MySmallProjects/hdu2021COPractice/03/03.sim/sim_1/behav/xsim'
INFO: [SIM-utils-51] Simulation object is 'sim_1'
INFO: [USF-XSim-7] Finding pre-compiled libraries...
INFO: [USF-XSim-11] File 'C:/Xilinx/Vivado/2018.3/data/xsim/xsim.ini' copied to run dir:'C:/Users/Kaizyn/Documents/MySmallProjects/hdu2021COPractice/03/03.sim/sim_1/behav/xsim'
INFO: [SIM-utils-54] Inspecting design source files for 'Test' in fileset 'sim_1'...
INFO: [USF-XSim-97] Finding global include files...
INFO: [USF-XSim-98] Fetching design files from 'sim_1'...
INFO: [USF-XSim-2] XSim::Compile design
INFO: [USF-XSim-61] Executing 'COMPILE and ANALYZE' step in 'C:/Users/Kaizyn/Documents/MySmallProjects/hdu2021COPractice/03/03.sim/sim_1/behav/xsim'
"xvlog --incr --relax -prj Test_vlog.prj"
INFO: [VRFC 10-2263] Analyzing Verilog file "C:/Users/Kaizyn/Documents/MySmallProjects/hdu2021COPractice/03/Multi_Reg.v" into library xil_defaultlib
INFO: [VRFC 10-311] analyzing module Multi_Reg
INFO: [VRFC 10-2263] Analyzing Verilog file "C:/Users/Kaizyn/Documents/MySmallProjects/hdu2021COPractice/03/Test.v" into library xil_defaultlib
INFO: [VRFC 10-311] analyzing module Test
INFO: [USF-XSim-69] 'compile' step finished in '1' seconds
INFO: [USF-XSim-3] XSim::Elaborate design
INFO: [USF-XSim-61] Executing 'ELABORATE' step in 'C:/Users/Kaizyn/Documents/MySmallProjects/hdu2021COPractice/03/03.sim/sim_1/behav/xsim'
Vivado Simulator 2018.3
Copyright 1986-1999, 2001-2018 Xilinx, Inc. All Rights Reserved.
Running: C:/Xilinx/Vivado/2018.3/bin/unwrapped/win64.o/xelab.exe -wto b5434958f7e94966bed17bca6253e0c1 --incr --debug typical --relax --mt 2 -L xil_defaultlib -L unisims_ver -L unimacro_ver -L secureip -L xpm --snapshot Test_behav xil_defaultlib.Test xil_defaultlib.glbl -log elaborate.log 
Using 2 slave threads.
Starting static elaboration
Completed static elaboration
Starting simulation data flow analysis
Completed simulation data flow analysis
Time Resolution for simulation is 1ps
Compiling module xil_defaultlib.Multi_Reg_default
Compiling module xil_defaultlib.Test
Compiling module xil_defaultlib.glbl
Built simulation snapshot Test_behav
INFO: [USF-XSim-69] 'elaborate' step finished in '2' seconds
INFO: [USF-XSim-4] XSim::Simulate design
INFO: [USF-XSim-61] Executing 'SIMULATE' step in 'C:/Users/Kaizyn/Documents/MySmallProjects/hdu2021COPractice/03/03.sim/sim_1/behav/xsim'
INFO: [USF-XSim-98] *** Running xsim
   with args "Test_behav -key {Behavioral:sim_1:Functional:Test} -tclbatch {Test.tcl} -log {simulate.log}"
INFO: [USF-XSim-8] Loading simulator feature
Vivado Simulator 2018.3
Time resolution is 1 ps
source Test.tcl
# set curr_wave [current_wave_config]
# if { [string length $curr_wave] == 0 } {
#   if { [llength [get_objects]] > 0} {
#     add_wave /
#     set_property needs_save false [current_wave_config]
#   } else {
#      send_msg_id Add_Wave-1 WARNING "No top level signals found. Simulator will start without a wave window. If you want to open a wave window go to 'File->New Waveform Configuration' or type 'create_wave_config' in the TCL console."
#   }
# }
# run 1000ns
INFO: [USF-XSim-96] XSim completed. Design snapshot 'Test_behav' loaded.
INFO: [USF-XSim-97] XSim simulation ran for 1000ns
launch_simulation: Time (s): cpu = 00:00:02 ; elapsed = 00:00:06 . Memory (MB): peak = 741.562 ; gain = 0.000
close_sim
INFO: [Simtcl 6-16] Simulation closed
launch_simulation
INFO: [Vivado 12-5682] Launching behavioral simulation in 'C:/Users/Kaizyn/Documents/MySmallProjects/hdu2021COPractice/03/03.sim/sim_1/behav/xsim'
INFO: [SIM-utils-51] Simulation object is 'sim_1'
INFO: [USF-XSim-7] Finding pre-compiled libraries...
INFO: [USF-XSim-11] File 'C:/Xilinx/Vivado/2018.3/data/xsim/xsim.ini' copied to run dir:'C:/Users/Kaizyn/Documents/MySmallProjects/hdu2021COPractice/03/03.sim/sim_1/behav/xsim'
INFO: [SIM-utils-54] Inspecting design source files for 'Test' in fileset 'sim_1'...
INFO: [USF-XSim-97] Finding global include files...
INFO: [USF-XSim-98] Fetching design files from 'sim_1'...
INFO: [USF-XSim-2] XSim::Compile design
INFO: [USF-XSim-61] Executing 'COMPILE and ANALYZE' step in 'C:/Users/Kaizyn/Documents/MySmallProjects/hdu2021COPractice/03/03.sim/sim_1/behav/xsim'
"xvlog --incr --relax -prj Test_vlog.prj"
INFO: [VRFC 10-2263] Analyzing Verilog file "C:/Users/Kaizyn/Documents/MySmallProjects/hdu2021COPractice/03/Multi_Reg.v" into library xil_defaultlib
INFO: [VRFC 10-311] analyzing module Multi_Reg
INFO: [VRFC 10-2263] Analyzing Verilog file "C:/Users/Kaizyn/Documents/MySmallProjects/hdu2021COPractice/03/Test.v" into library xil_defaultlib
INFO: [VRFC 10-311] analyzing module Test
INFO: [USF-XSim-69] 'compile' step finished in '1' seconds
INFO: [USF-XSim-3] XSim::Elaborate design
INFO: [USF-XSim-61] Executing 'ELABORATE' step in 'C:/Users/Kaizyn/Documents/MySmallProjects/hdu2021COPractice/03/03.sim/sim_1/behav/xsim'
Vivado Simulator 2018.3
Copyright 1986-1999, 2001-2018 Xilinx, Inc. All Rights Reserved.
Running: C:/Xilinx/Vivado/2018.3/bin/unwrapped/win64.o/xelab.exe -wto b5434958f7e94966bed17bca6253e0c1 --incr --debug typical --relax --mt 2 -L xil_defaultlib -L unisims_ver -L unimacro_ver -L secureip -L xpm --snapshot Test_behav xil_defaultlib.Test xil_defaultlib.glbl -log elaborate.log 
Using 2 slave threads.
Starting static elaboration
Completed static elaboration
Starting simulation data flow analysis
Completed simulation data flow analysis
Time Resolution for simulation is 1ps
Compiling module xil_defaultlib.Multi_Reg_default
Compiling module xil_defaultlib.Test
Compiling module xil_defaultlib.glbl
Built simulation snapshot Test_behav
INFO: [USF-XSim-69] 'elaborate' step finished in '2' seconds
INFO: [USF-XSim-4] XSim::Simulate design
INFO: [USF-XSim-61] Executing 'SIMULATE' step in 'C:/Users/Kaizyn/Documents/MySmallProjects/hdu2021COPractice/03/03.sim/sim_1/behav/xsim'
INFO: [USF-XSim-98] *** Running xsim
   with args "Test_behav -key {Behavioral:sim_1:Functional:Test} -tclbatch {Test.tcl} -log {simulate.log}"
INFO: [USF-XSim-8] Loading simulator feature
Vivado Simulator 2018.3
Time resolution is 1 ps
source Test.tcl
# set curr_wave [current_wave_config]
# if { [string length $curr_wave] == 0 } {
#   if { [llength [get_objects]] > 0} {
#     add_wave /
#     set_property needs_save false [current_wave_config]
#   } else {
#      send_msg_id Add_Wave-1 WARNING "No top level signals found. Simulator will start without a wave window. If you want to open a wave window go to 'File->New Waveform Configuration' or type 'create_wave_config' in the TCL console."
#   }
# }
# run 1000ns
INFO: [USF-XSim-96] XSim completed. Design snapshot 'Test_behav' loaded.
INFO: [USF-XSim-97] XSim simulation ran for 1000ns
launch_simulation: Time (s): cpu = 00:00:03 ; elapsed = 00:00:05 . Memory (MB): peak = 742.457 ; gain = 0.000
close_sim
INFO: [Simtcl 6-16] Simulation closed
launch_simulation
INFO: [Vivado 12-5682] Launching behavioral simulation in 'C:/Users/Kaizyn/Documents/MySmallProjects/hdu2021COPractice/03/03.sim/sim_1/behav/xsim'
INFO: [SIM-utils-51] Simulation object is 'sim_1'
INFO: [USF-XSim-7] Finding pre-compiled libraries...
INFO: [USF-XSim-11] File 'C:/Xilinx/Vivado/2018.3/data/xsim/xsim.ini' copied to run dir:'C:/Users/Kaizyn/Documents/MySmallProjects/hdu2021COPractice/03/03.sim/sim_1/behav/xsim'
INFO: [SIM-utils-54] Inspecting design source files for 'Test' in fileset 'sim_1'...
INFO: [USF-XSim-97] Finding global include files...
INFO: [USF-XSim-98] Fetching design files from 'sim_1'...
INFO: [USF-XSim-2] XSim::Compile design
INFO: [USF-XSim-61] Executing 'COMPILE and ANALYZE' step in 'C:/Users/Kaizyn/Documents/MySmallProjects/hdu2021COPractice/03/03.sim/sim_1/behav/xsim'
"xvlog --incr --relax -prj Test_vlog.prj"
INFO: [VRFC 10-2263] Analyzing Verilog file "C:/Users/Kaizyn/Documents/MySmallProjects/hdu2021COPractice/03/Multi_Reg.v" into library xil_defaultlib
INFO: [VRFC 10-311] analyzing module Multi_Reg
INFO: [VRFC 10-2263] Analyzing Verilog file "C:/Users/Kaizyn/Documents/MySmallProjects/hdu2021COPractice/03/Test.v" into library xil_defaultlib
INFO: [VRFC 10-311] analyzing module Test
INFO: [USF-XSim-69] 'compile' step finished in '2' seconds
INFO: [USF-XSim-3] XSim::Elaborate design
INFO: [USF-XSim-61] Executing 'ELABORATE' step in 'C:/Users/Kaizyn/Documents/MySmallProjects/hdu2021COPractice/03/03.sim/sim_1/behav/xsim'
Vivado Simulator 2018.3
Copyright 1986-1999, 2001-2018 Xilinx, Inc. All Rights Reserved.
Running: C:/Xilinx/Vivado/2018.3/bin/unwrapped/win64.o/xelab.exe -wto b5434958f7e94966bed17bca6253e0c1 --incr --debug typical --relax --mt 2 -L xil_defaultlib -L unisims_ver -L unimacro_ver -L secureip -L xpm --snapshot Test_behav xil_defaultlib.Test xil_defaultlib.glbl -log elaborate.log 
Using 2 slave threads.
Starting static elaboration
Completed static elaboration
Starting simulation data flow analysis
Completed simulation data flow analysis
Time Resolution for simulation is 1ps
Compiling module xil_defaultlib.Multi_Reg_default
Compiling module xil_defaultlib.Test
Compiling module xil_defaultlib.glbl
Built simulation snapshot Test_behav
INFO: [USF-XSim-69] 'elaborate' step finished in '1' seconds
INFO: [USF-XSim-4] XSim::Simulate design
INFO: [USF-XSim-61] Executing 'SIMULATE' step in 'C:/Users/Kaizyn/Documents/MySmallProjects/hdu2021COPractice/03/03.sim/sim_1/behav/xsim'
INFO: [USF-XSim-98] *** Running xsim
   with args "Test_behav -key {Behavioral:sim_1:Functional:Test} -tclbatch {Test.tcl} -log {simulate.log}"
INFO: [USF-XSim-8] Loading simulator feature
Vivado Simulator 2018.3
Time resolution is 1 ps
source Test.tcl
# set curr_wave [current_wave_config]
# if { [string length $curr_wave] == 0 } {
#   if { [llength [get_objects]] > 0} {
#     add_wave /
#     set_property needs_save false [current_wave_config]
#   } else {
#      send_msg_id Add_Wave-1 WARNING "No top level signals found. Simulator will start without a wave window. If you want to open a wave window go to 'File->New Waveform Configuration' or type 'create_wave_config' in the TCL console."
#   }
# }
# run 1000ns
INFO: [USF-XSim-96] XSim completed. Design snapshot 'Test_behav' loaded.
INFO: [USF-XSim-97] XSim simulation ran for 1000ns
launch_simulation: Time (s): cpu = 00:00:03 ; elapsed = 00:00:05 . Memory (MB): peak = 745.176 ; gain = 0.000
close_sim
INFO: [Simtcl 6-16] Simulation closed
launch_simulation
INFO: [Vivado 12-5682] Launching behavioral simulation in 'C:/Users/Kaizyn/Documents/MySmallProjects/hdu2021COPractice/03/03.sim/sim_1/behav/xsim'
INFO: [SIM-utils-51] Simulation object is 'sim_1'
INFO: [USF-XSim-7] Finding pre-compiled libraries...
INFO: [USF-XSim-11] File 'C:/Xilinx/Vivado/2018.3/data/xsim/xsim.ini' copied to run dir:'C:/Users/Kaizyn/Documents/MySmallProjects/hdu2021COPractice/03/03.sim/sim_1/behav/xsim'
INFO: [SIM-utils-54] Inspecting design source files for 'Test' in fileset 'sim_1'...
INFO: [USF-XSim-97] Finding global include files...
INFO: [USF-XSim-98] Fetching design files from 'sim_1'...
INFO: [USF-XSim-2] XSim::Compile design
INFO: [USF-XSim-61] Executing 'COMPILE and ANALYZE' step in 'C:/Users/Kaizyn/Documents/MySmallProjects/hdu2021COPractice/03/03.sim/sim_1/behav/xsim'
"xvlog --incr --relax -prj Test_vlog.prj"
INFO: [VRFC 10-2263] Analyzing Verilog file "C:/Users/Kaizyn/Documents/MySmallProjects/hdu2021COPractice/03/Multi_Reg.v" into library xil_defaultlib
INFO: [VRFC 10-311] analyzing module Multi_Reg
INFO: [VRFC 10-2263] Analyzing Verilog file "C:/Users/Kaizyn/Documents/MySmallProjects/hdu2021COPractice/03/Test.v" into library xil_defaultlib
INFO: [VRFC 10-311] analyzing module Test
INFO: [USF-XSim-69] 'compile' step finished in '2' seconds
INFO: [USF-XSim-3] XSim::Elaborate design
INFO: [USF-XSim-61] Executing 'ELABORATE' step in 'C:/Users/Kaizyn/Documents/MySmallProjects/hdu2021COPractice/03/03.sim/sim_1/behav/xsim'
Vivado Simulator 2018.3
Copyright 1986-1999, 2001-2018 Xilinx, Inc. All Rights Reserved.
Running: C:/Xilinx/Vivado/2018.3/bin/unwrapped/win64.o/xelab.exe -wto b5434958f7e94966bed17bca6253e0c1 --incr --debug typical --relax --mt 2 -L xil_defaultlib -L unisims_ver -L unimacro_ver -L secureip -L xpm --snapshot Test_behav xil_defaultlib.Test xil_defaultlib.glbl -log elaborate.log 
Using 2 slave threads.
Starting static elaboration
Completed static elaboration
Starting simulation data flow analysis
Completed simulation data flow analysis
Time Resolution for simulation is 1ps
Compiling module xil_defaultlib.Multi_Reg_default
Compiling module xil_defaultlib.Test
Compiling module xil_defaultlib.glbl
Built simulation snapshot Test_behav
INFO: [USF-XSim-69] 'elaborate' step finished in '1' seconds
INFO: [USF-XSim-4] XSim::Simulate design
INFO: [USF-XSim-61] Executing 'SIMULATE' step in 'C:/Users/Kaizyn/Documents/MySmallProjects/hdu2021COPractice/03/03.sim/sim_1/behav/xsim'
INFO: [USF-XSim-98] *** Running xsim
   with args "Test_behav -key {Behavioral:sim_1:Functional:Test} -tclbatch {Test.tcl} -log {simulate.log}"
INFO: [USF-XSim-8] Loading simulator feature
Vivado Simulator 2018.3
Time resolution is 1 ps
source Test.tcl
# set curr_wave [current_wave_config]
# if { [string length $curr_wave] == 0 } {
#   if { [llength [get_objects]] > 0} {
#     add_wave /
#     set_property needs_save false [current_wave_config]
#   } else {
#      send_msg_id Add_Wave-1 WARNING "No top level signals found. Simulator will start without a wave window. If you want to open a wave window go to 'File->New Waveform Configuration' or type 'create_wave_config' in the TCL console."
#   }
# }
# run 1000ns
INFO: [USF-XSim-96] XSim completed. Design snapshot 'Test_behav' loaded.
INFO: [USF-XSim-97] XSim simulation ran for 1000ns
launch_simulation: Time (s): cpu = 00:00:03 ; elapsed = 00:00:05 . Memory (MB): peak = 747.273 ; gain = 0.000
close_sim
INFO: [Simtcl 6-16] Simulation closed
launch_simulation
INFO: [Vivado 12-5682] Launching behavioral simulation in 'C:/Users/Kaizyn/Documents/MySmallProjects/hdu2021COPractice/03/03.sim/sim_1/behav/xsim'
INFO: [SIM-utils-51] Simulation object is 'sim_1'
INFO: [USF-XSim-7] Finding pre-compiled libraries...
INFO: [USF-XSim-11] File 'C:/Xilinx/Vivado/2018.3/data/xsim/xsim.ini' copied to run dir:'C:/Users/Kaizyn/Documents/MySmallProjects/hdu2021COPractice/03/03.sim/sim_1/behav/xsim'
INFO: [SIM-utils-54] Inspecting design source files for 'Test' in fileset 'sim_1'...
INFO: [USF-XSim-97] Finding global include files...
INFO: [USF-XSim-98] Fetching design files from 'sim_1'...
INFO: [USF-XSim-2] XSim::Compile design
INFO: [USF-XSim-61] Executing 'COMPILE and ANALYZE' step in 'C:/Users/Kaizyn/Documents/MySmallProjects/hdu2021COPractice/03/03.sim/sim_1/behav/xsim'
"xvlog --incr --relax -prj Test_vlog.prj"
INFO: [VRFC 10-2263] Analyzing Verilog file "C:/Users/Kaizyn/Documents/MySmallProjects/hdu2021COPractice/03/Multi_Reg.v" into library xil_defaultlib
INFO: [VRFC 10-311] analyzing module Multi_Reg
INFO: [VRFC 10-2263] Analyzing Verilog file "C:/Users/Kaizyn/Documents/MySmallProjects/hdu2021COPractice/03/Test.v" into library xil_defaultlib
INFO: [VRFC 10-311] analyzing module Test
INFO: [USF-XSim-69] 'compile' step finished in '1' seconds
INFO: [USF-XSim-3] XSim::Elaborate design
INFO: [USF-XSim-61] Executing 'ELABORATE' step in 'C:/Users/Kaizyn/Documents/MySmallProjects/hdu2021COPractice/03/03.sim/sim_1/behav/xsim'
Vivado Simulator 2018.3
Copyright 1986-1999, 2001-2018 Xilinx, Inc. All Rights Reserved.
Running: C:/Xilinx/Vivado/2018.3/bin/unwrapped/win64.o/xelab.exe -wto b5434958f7e94966bed17bca6253e0c1 --incr --debug typical --relax --mt 2 -L xil_defaultlib -L unisims_ver -L unimacro_ver -L secureip -L xpm --snapshot Test_behav xil_defaultlib.Test xil_defaultlib.glbl -log elaborate.log 
Using 2 slave threads.
Starting static elaboration
Completed static elaboration
Starting simulation data flow analysis
Completed simulation data flow analysis
Time Resolution for simulation is 1ps
Compiling module xil_defaultlib.Multi_Reg_default
Compiling module xil_defaultlib.Test
Compiling module xil_defaultlib.glbl
Built simulation snapshot Test_behav
INFO: [USF-XSim-69] 'elaborate' step finished in '2' seconds
INFO: [USF-XSim-4] XSim::Simulate design
INFO: [USF-XSim-61] Executing 'SIMULATE' step in 'C:/Users/Kaizyn/Documents/MySmallProjects/hdu2021COPractice/03/03.sim/sim_1/behav/xsim'
INFO: [USF-XSim-98] *** Running xsim
   with args "Test_behav -key {Behavioral:sim_1:Functional:Test} -tclbatch {Test.tcl} -log {simulate.log}"
INFO: [USF-XSim-8] Loading simulator feature
Vivado Simulator 2018.3
Time resolution is 1 ps
source Test.tcl
# set curr_wave [current_wave_config]
# if { [string length $curr_wave] == 0 } {
#   if { [llength [get_objects]] > 0} {
#     add_wave /
#     set_property needs_save false [current_wave_config]
#   } else {
#      send_msg_id Add_Wave-1 WARNING "No top level signals found. Simulator will start without a wave window. If you want to open a wave window go to 'File->New Waveform Configuration' or type 'create_wave_config' in the TCL console."
#   }
# }
# run 1000ns
INFO: [USF-XSim-96] XSim completed. Design snapshot 'Test_behav' loaded.
INFO: [USF-XSim-97] XSim simulation ran for 1000ns
launch_simulation: Time (s): cpu = 00:00:03 ; elapsed = 00:00:05 . Memory (MB): peak = 747.672 ; gain = 0.391
close_sim
INFO: [Simtcl 6-16] Simulation closed
launch_simulation
INFO: [Vivado 12-5682] Launching behavioral simulation in 'C:/Users/Kaizyn/Documents/MySmallProjects/hdu2021COPractice/03/03.sim/sim_1/behav/xsim'
INFO: [SIM-utils-51] Simulation object is 'sim_1'
INFO: [USF-XSim-7] Finding pre-compiled libraries...
INFO: [USF-XSim-11] File 'C:/Xilinx/Vivado/2018.3/data/xsim/xsim.ini' copied to run dir:'C:/Users/Kaizyn/Documents/MySmallProjects/hdu2021COPractice/03/03.sim/sim_1/behav/xsim'
INFO: [SIM-utils-54] Inspecting design source files for 'Test' in fileset 'sim_1'...
INFO: [USF-XSim-97] Finding global include files...
INFO: [USF-XSim-98] Fetching design files from 'sim_1'...
INFO: [USF-XSim-2] XSim::Compile design
INFO: [USF-XSim-61] Executing 'COMPILE and ANALYZE' step in 'C:/Users/Kaizyn/Documents/MySmallProjects/hdu2021COPractice/03/03.sim/sim_1/behav/xsim'
"xvlog --incr --relax -prj Test_vlog.prj"
INFO: [VRFC 10-2263] Analyzing Verilog file "C:/Users/Kaizyn/Documents/MySmallProjects/hdu2021COPractice/03/Multi_Reg.v" into library xil_defaultlib
INFO: [VRFC 10-311] analyzing module Multi_Reg
INFO: [VRFC 10-2263] Analyzing Verilog file "C:/Users/Kaizyn/Documents/MySmallProjects/hdu2021COPractice/03/Test.v" into library xil_defaultlib
INFO: [VRFC 10-311] analyzing module Test
INFO: [USF-XSim-69] 'compile' step finished in '1' seconds
INFO: [USF-XSim-3] XSim::Elaborate design
INFO: [USF-XSim-61] Executing 'ELABORATE' step in 'C:/Users/Kaizyn/Documents/MySmallProjects/hdu2021COPractice/03/03.sim/sim_1/behav/xsim'
Vivado Simulator 2018.3
Copyright 1986-1999, 2001-2018 Xilinx, Inc. All Rights Reserved.
Running: C:/Xilinx/Vivado/2018.3/bin/unwrapped/win64.o/xelab.exe -wto b5434958f7e94966bed17bca6253e0c1 --incr --debug typical --relax --mt 2 -L xil_defaultlib -L unisims_ver -L unimacro_ver -L secureip -L xpm --snapshot Test_behav xil_defaultlib.Test xil_defaultlib.glbl -log elaborate.log 
Using 2 slave threads.
Starting static elaboration
Completed static elaboration
Starting simulation data flow analysis
Completed simulation data flow analysis
Time Resolution for simulation is 1ps
Compiling module xil_defaultlib.Multi_Reg_default
Compiling module xil_defaultlib.Test
Compiling module xil_defaultlib.glbl
Built simulation snapshot Test_behav
INFO: [USF-XSim-69] 'elaborate' step finished in '2' seconds
INFO: [USF-XSim-4] XSim::Simulate design
INFO: [USF-XSim-61] Executing 'SIMULATE' step in 'C:/Users/Kaizyn/Documents/MySmallProjects/hdu2021COPractice/03/03.sim/sim_1/behav/xsim'
INFO: [USF-XSim-98] *** Running xsim
   with args "Test_behav -key {Behavioral:sim_1:Functional:Test} -tclbatch {Test.tcl} -log {simulate.log}"
INFO: [USF-XSim-8] Loading simulator feature
Vivado Simulator 2018.3
Time resolution is 1 ps
source Test.tcl
# set curr_wave [current_wave_config]
# if { [string length $curr_wave] == 0 } {
#   if { [llength [get_objects]] > 0} {
#     add_wave /
#     set_property needs_save false [current_wave_config]
#   } else {
#      send_msg_id Add_Wave-1 WARNING "No top level signals found. Simulator will start without a wave window. If you want to open a wave window go to 'File->New Waveform Configuration' or type 'create_wave_config' in the TCL console."
#   }
# }
# run 1000ns
INFO: [USF-XSim-96] XSim completed. Design snapshot 'Test_behav' loaded.
INFO: [USF-XSim-97] XSim simulation ran for 1000ns
launch_simulation: Time (s): cpu = 00:00:03 ; elapsed = 00:00:06 . Memory (MB): peak = 759.297 ; gain = 0.000
close_sim
INFO: [Simtcl 6-16] Simulation closed
launch_simulation
INFO: [Vivado 12-5682] Launching behavioral simulation in 'C:/Users/Kaizyn/Documents/MySmallProjects/hdu2021COPractice/03/03.sim/sim_1/behav/xsim'
INFO: [SIM-utils-51] Simulation object is 'sim_1'
INFO: [USF-XSim-7] Finding pre-compiled libraries...
INFO: [USF-XSim-11] File 'C:/Xilinx/Vivado/2018.3/data/xsim/xsim.ini' copied to run dir:'C:/Users/Kaizyn/Documents/MySmallProjects/hdu2021COPractice/03/03.sim/sim_1/behav/xsim'
INFO: [SIM-utils-54] Inspecting design source files for 'Test' in fileset 'sim_1'...
INFO: [USF-XSim-97] Finding global include files...
INFO: [USF-XSim-98] Fetching design files from 'sim_1'...
INFO: [USF-XSim-2] XSim::Compile design
INFO: [USF-XSim-61] Executing 'COMPILE and ANALYZE' step in 'C:/Users/Kaizyn/Documents/MySmallProjects/hdu2021COPractice/03/03.sim/sim_1/behav/xsim'
"xvlog --incr --relax -prj Test_vlog.prj"
INFO: [VRFC 10-2263] Analyzing Verilog file "C:/Users/Kaizyn/Documents/MySmallProjects/hdu2021COPractice/03/Multi_Reg.v" into library xil_defaultlib
INFO: [VRFC 10-311] analyzing module Multi_Reg
INFO: [VRFC 10-2263] Analyzing Verilog file "C:/Users/Kaizyn/Documents/MySmallProjects/hdu2021COPractice/03/Test.v" into library xil_defaultlib
INFO: [VRFC 10-311] analyzing module Test
INFO: [USF-XSim-69] 'compile' step finished in '1' seconds
INFO: [USF-XSim-3] XSim::Elaborate design
INFO: [USF-XSim-61] Executing 'ELABORATE' step in 'C:/Users/Kaizyn/Documents/MySmallProjects/hdu2021COPractice/03/03.sim/sim_1/behav/xsim'
Vivado Simulator 2018.3
Copyright 1986-1999, 2001-2018 Xilinx, Inc. All Rights Reserved.
Running: C:/Xilinx/Vivado/2018.3/bin/unwrapped/win64.o/xelab.exe -wto b5434958f7e94966bed17bca6253e0c1 --incr --debug typical --relax --mt 2 -L xil_defaultlib -L unisims_ver -L unimacro_ver -L secureip -L xpm --snapshot Test_behav xil_defaultlib.Test xil_defaultlib.glbl -log elaborate.log 
Using 2 slave threads.
Starting static elaboration
Completed static elaboration
Starting simulation data flow analysis
Completed simulation data flow analysis
Time Resolution for simulation is 1ps
Compiling module xil_defaultlib.Multi_Reg_default
Compiling module xil_defaultlib.Test
Compiling module xil_defaultlib.glbl
Built simulation snapshot Test_behav
INFO: [USF-XSim-69] 'elaborate' step finished in '2' seconds
INFO: [USF-XSim-4] XSim::Simulate design
INFO: [USF-XSim-61] Executing 'SIMULATE' step in 'C:/Users/Kaizyn/Documents/MySmallProjects/hdu2021COPractice/03/03.sim/sim_1/behav/xsim'
INFO: [USF-XSim-98] *** Running xsim
   with args "Test_behav -key {Behavioral:sim_1:Functional:Test} -tclbatch {Test.tcl} -log {simulate.log}"
INFO: [USF-XSim-8] Loading simulator feature
Vivado Simulator 2018.3
Time resolution is 1 ps
source Test.tcl
# set curr_wave [current_wave_config]
# if { [string length $curr_wave] == 0 } {
#   if { [llength [get_objects]] > 0} {
#     add_wave /
#     set_property needs_save false [current_wave_config]
#   } else {
#      send_msg_id Add_Wave-1 WARNING "No top level signals found. Simulator will start without a wave window. If you want to open a wave window go to 'File->New Waveform Configuration' or type 'create_wave_config' in the TCL console."
#   }
# }
# run 1000ns
INFO: [USF-XSim-96] XSim completed. Design snapshot 'Test_behav' loaded.
INFO: [USF-XSim-97] XSim simulation ran for 1000ns
launch_simulation: Time (s): cpu = 00:00:03 ; elapsed = 00:00:05 . Memory (MB): peak = 759.297 ; gain = 0.000
reset_run synth_1
WARNING: [Vivado 12-1017] Problems encountered:
1. Failed to delete one or more files in run directory C:/Users/Kaizyn/Documents/MySmallProjects/hdu2021COPractice/03/03.runs/synth_1

launch_runs synth_1 -jobs 4
[Mon Apr 26 10:17:43 2021] Launched synth_1...
Run output will be captured here: C:/Users/Kaizyn/Documents/MySmallProjects/hdu2021COPractice/03/03.runs/synth_1/runme.log
close_sim
INFO: [Simtcl 6-16] Simulation closed
launch_simulation
INFO: [Vivado 12-5682] Launching behavioral simulation in 'C:/Users/Kaizyn/Documents/MySmallProjects/hdu2021COPractice/03/03.sim/sim_1/behav/xsim'
INFO: [SIM-utils-51] Simulation object is 'sim_1'
INFO: [USF-XSim-7] Finding pre-compiled libraries...
INFO: [USF-XSim-11] File 'C:/Xilinx/Vivado/2018.3/data/xsim/xsim.ini' copied to run dir:'C:/Users/Kaizyn/Documents/MySmallProjects/hdu2021COPractice/03/03.sim/sim_1/behav/xsim'
INFO: [SIM-utils-54] Inspecting design source files for 'Test' in fileset 'sim_1'...
INFO: [USF-XSim-97] Finding global include files...
INFO: [USF-XSim-98] Fetching design files from 'sim_1'...
INFO: [USF-XSim-2] XSim::Compile design
INFO: [USF-XSim-61] Executing 'COMPILE and ANALYZE' step in 'C:/Users/Kaizyn/Documents/MySmallProjects/hdu2021COPractice/03/03.sim/sim_1/behav/xsim'
"xvlog --incr --relax -prj Test_vlog.prj"
INFO: [VRFC 10-2263] Analyzing Verilog file "C:/Users/Kaizyn/Documents/MySmallProjects/hdu2021COPractice/03/Multi_Reg.v" into library xil_defaultlib
INFO: [VRFC 10-311] analyzing module Multi_Reg
INFO: [VRFC 10-2263] Analyzing Verilog file "C:/Users/Kaizyn/Documents/MySmallProjects/hdu2021COPractice/03/Test.v" into library xil_defaultlib
INFO: [VRFC 10-311] analyzing module Test
INFO: [USF-XSim-69] 'compile' step finished in '1' seconds
INFO: [USF-XSim-3] XSim::Elaborate design
INFO: [USF-XSim-61] Executing 'ELABORATE' step in 'C:/Users/Kaizyn/Documents/MySmallProjects/hdu2021COPractice/03/03.sim/sim_1/behav/xsim'
Vivado Simulator 2018.3
Copyright 1986-1999, 2001-2018 Xilinx, Inc. All Rights Reserved.
Running: C:/Xilinx/Vivado/2018.3/bin/unwrapped/win64.o/xelab.exe -wto b5434958f7e94966bed17bca6253e0c1 --incr --debug typical --relax --mt 2 -L xil_defaultlib -L unisims_ver -L unimacro_ver -L secureip -L xpm --snapshot Test_behav xil_defaultlib.Test xil_defaultlib.glbl -log elaborate.log 
Using 2 slave threads.
Starting static elaboration
Completed static elaboration
Starting simulation data flow analysis
Completed simulation data flow analysis
Time Resolution for simulation is 1ps
Compiling module xil_defaultlib.Multi_Reg_default
Compiling module xil_defaultlib.Test
Compiling module xil_defaultlib.glbl
Built simulation snapshot Test_behav
INFO: [USF-XSim-69] 'elaborate' step finished in '2' seconds
INFO: [USF-XSim-4] XSim::Simulate design
INFO: [USF-XSim-61] Executing 'SIMULATE' step in 'C:/Users/Kaizyn/Documents/MySmallProjects/hdu2021COPractice/03/03.sim/sim_1/behav/xsim'
INFO: [USF-XSim-98] *** Running xsim
   with args "Test_behav -key {Behavioral:sim_1:Functional:Test} -tclbatch {Test.tcl} -log {simulate.log}"
INFO: [USF-XSim-8] Loading simulator feature
Vivado Simulator 2018.3
Time resolution is 1 ps
source Test.tcl
# set curr_wave [current_wave_config]
# if { [string length $curr_wave] == 0 } {
#   if { [llength [get_objects]] > 0} {
#     add_wave /
#     set_property needs_save false [current_wave_config]
#   } else {
#      send_msg_id Add_Wave-1 WARNING "No top level signals found. Simulator will start without a wave window. If you want to open a wave window go to 'File->New Waveform Configuration' or type 'create_wave_config' in the TCL console."
#   }
# }
# run 1000ns
INFO: [USF-XSim-96] XSim completed. Design snapshot 'Test_behav' loaded.
INFO: [USF-XSim-97] XSim simulation ran for 1000ns
launch_simulation: Time (s): cpu = 00:00:02 ; elapsed = 00:00:05 . Memory (MB): peak = 759.297 ; gain = 0.000
close_sim
INFO: [Simtcl 6-16] Simulation closed
launch_simulation
INFO: [Vivado 12-5682] Launching behavioral simulation in 'C:/Users/Kaizyn/Documents/MySmallProjects/hdu2021COPractice/03/03.sim/sim_1/behav/xsim'
INFO: [SIM-utils-51] Simulation object is 'sim_1'
INFO: [USF-XSim-7] Finding pre-compiled libraries...
INFO: [USF-XSim-11] File 'C:/Xilinx/Vivado/2018.3/data/xsim/xsim.ini' copied to run dir:'C:/Users/Kaizyn/Documents/MySmallProjects/hdu2021COPractice/03/03.sim/sim_1/behav/xsim'
INFO: [SIM-utils-54] Inspecting design source files for 'Test' in fileset 'sim_1'...
INFO: [USF-XSim-97] Finding global include files...
INFO: [USF-XSim-98] Fetching design files from 'sim_1'...
INFO: [USF-XSim-2] XSim::Compile design
INFO: [USF-XSim-61] Executing 'COMPILE and ANALYZE' step in 'C:/Users/Kaizyn/Documents/MySmallProjects/hdu2021COPractice/03/03.sim/sim_1/behav/xsim'
"xvlog --incr --relax -prj Test_vlog.prj"
INFO: [VRFC 10-2263] Analyzing Verilog file "C:/Users/Kaizyn/Documents/MySmallProjects/hdu2021COPractice/03/Multi_Reg.v" into library xil_defaultlib
INFO: [VRFC 10-311] analyzing module Multi_Reg
INFO: [VRFC 10-2263] Analyzing Verilog file "C:/Users/Kaizyn/Documents/MySmallProjects/hdu2021COPractice/03/Test.v" into library xil_defaultlib
INFO: [VRFC 10-311] analyzing module Test
INFO: [USF-XSim-69] 'compile' step finished in '1' seconds
INFO: [USF-XSim-3] XSim::Elaborate design
INFO: [USF-XSim-61] Executing 'ELABORATE' step in 'C:/Users/Kaizyn/Documents/MySmallProjects/hdu2021COPractice/03/03.sim/sim_1/behav/xsim'
Vivado Simulator 2018.3
Copyright 1986-1999, 2001-2018 Xilinx, Inc. All Rights Reserved.
Running: C:/Xilinx/Vivado/2018.3/bin/unwrapped/win64.o/xelab.exe -wto b5434958f7e94966bed17bca6253e0c1 --incr --debug typical --relax --mt 2 -L xil_defaultlib -L unisims_ver -L unimacro_ver -L secureip -L xpm --snapshot Test_behav xil_defaultlib.Test xil_defaultlib.glbl -log elaborate.log 
Using 2 slave threads.
Starting static elaboration
Completed static elaboration
Starting simulation data flow analysis
Completed simulation data flow analysis
Time Resolution for simulation is 1ps
Compiling module xil_defaultlib.Multi_Reg_default
Compiling module xil_defaultlib.Test
Compiling module xil_defaultlib.glbl
Built simulation snapshot Test_behav
INFO: [USF-XSim-69] 'elaborate' step finished in '2' seconds
INFO: [USF-XSim-4] XSim::Simulate design
INFO: [USF-XSim-61] Executing 'SIMULATE' step in 'C:/Users/Kaizyn/Documents/MySmallProjects/hdu2021COPractice/03/03.sim/sim_1/behav/xsim'
INFO: [USF-XSim-98] *** Running xsim
   with args "Test_behav -key {Behavioral:sim_1:Functional:Test} -tclbatch {Test.tcl} -log {simulate.log}"
INFO: [USF-XSim-8] Loading simulator feature
Vivado Simulator 2018.3
Time resolution is 1 ps
source Test.tcl
# set curr_wave [current_wave_config]
# if { [string length $curr_wave] == 0 } {
#   if { [llength [get_objects]] > 0} {
#     add_wave /
#     set_property needs_save false [current_wave_config]
#   } else {
#      send_msg_id Add_Wave-1 WARNING "No top level signals found. Simulator will start without a wave window. If you want to open a wave window go to 'File->New Waveform Configuration' or type 'create_wave_config' in the TCL console."
#   }
# }
# run 1000ns
INFO: [USF-XSim-96] XSim completed. Design snapshot 'Test_behav' loaded.
INFO: [USF-XSim-97] XSim simulation ran for 1000ns
launch_simulation: Time (s): cpu = 00:00:03 ; elapsed = 00:00:05 . Memory (MB): peak = 759.297 ; gain = 0.000
close_sim
INFO: [Simtcl 6-16] Simulation closed
launch_simulation
INFO: [Vivado 12-5682] Launching behavioral simulation in 'C:/Users/Kaizyn/Documents/MySmallProjects/hdu2021COPractice/03/03.sim/sim_1/behav/xsim'
INFO: [SIM-utils-51] Simulation object is 'sim_1'
INFO: [USF-XSim-7] Finding pre-compiled libraries...
INFO: [USF-XSim-11] File 'C:/Xilinx/Vivado/2018.3/data/xsim/xsim.ini' copied to run dir:'C:/Users/Kaizyn/Documents/MySmallProjects/hdu2021COPractice/03/03.sim/sim_1/behav/xsim'
INFO: [SIM-utils-54] Inspecting design source files for 'Test' in fileset 'sim_1'...
INFO: [USF-XSim-97] Finding global include files...
INFO: [USF-XSim-98] Fetching design files from 'sim_1'...
INFO: [USF-XSim-2] XSim::Compile design
INFO: [USF-XSim-61] Executing 'COMPILE and ANALYZE' step in 'C:/Users/Kaizyn/Documents/MySmallProjects/hdu2021COPractice/03/03.sim/sim_1/behav/xsim'
"xvlog --incr --relax -prj Test_vlog.prj"
INFO: [VRFC 10-2263] Analyzing Verilog file "C:/Users/Kaizyn/Documents/MySmallProjects/hdu2021COPractice/03/Multi_Reg.v" into library xil_defaultlib
INFO: [VRFC 10-311] analyzing module Multi_Reg
INFO: [VRFC 10-2263] Analyzing Verilog file "C:/Users/Kaizyn/Documents/MySmallProjects/hdu2021COPractice/03/Test.v" into library xil_defaultlib
INFO: [VRFC 10-311] analyzing module Test
INFO: [USF-XSim-69] 'compile' step finished in '1' seconds
INFO: [USF-XSim-3] XSim::Elaborate design
INFO: [USF-XSim-61] Executing 'ELABORATE' step in 'C:/Users/Kaizyn/Documents/MySmallProjects/hdu2021COPractice/03/03.sim/sim_1/behav/xsim'
Vivado Simulator 2018.3
Copyright 1986-1999, 2001-2018 Xilinx, Inc. All Rights Reserved.
Running: C:/Xilinx/Vivado/2018.3/bin/unwrapped/win64.o/xelab.exe -wto b5434958f7e94966bed17bca6253e0c1 --incr --debug typical --relax --mt 2 -L xil_defaultlib -L unisims_ver -L unimacro_ver -L secureip -L xpm --snapshot Test_behav xil_defaultlib.Test xil_defaultlib.glbl -log elaborate.log 
Using 2 slave threads.
Starting static elaboration
Completed static elaboration
Starting simulation data flow analysis
Completed simulation data flow analysis
Time Resolution for simulation is 1ps
Compiling module xil_defaultlib.Multi_Reg_default
Compiling module xil_defaultlib.Test
Compiling module xil_defaultlib.glbl
Built simulation snapshot Test_behav
INFO: [USF-XSim-69] 'elaborate' step finished in '1' seconds
INFO: [USF-XSim-4] XSim::Simulate design
INFO: [USF-XSim-61] Executing 'SIMULATE' step in 'C:/Users/Kaizyn/Documents/MySmallProjects/hdu2021COPractice/03/03.sim/sim_1/behav/xsim'
INFO: [USF-XSim-98] *** Running xsim
   with args "Test_behav -key {Behavioral:sim_1:Functional:Test} -tclbatch {Test.tcl} -log {simulate.log}"
INFO: [USF-XSim-8] Loading simulator feature
Vivado Simulator 2018.3
Time resolution is 1 ps
source Test.tcl
# set curr_wave [current_wave_config]
# if { [string length $curr_wave] == 0 } {
#   if { [llength [get_objects]] > 0} {
#     add_wave /
#     set_property needs_save false [current_wave_config]
#   } else {
#      send_msg_id Add_Wave-1 WARNING "No top level signals found. Simulator will start without a wave window. If you want to open a wave window go to 'File->New Waveform Configuration' or type 'create_wave_config' in the TCL console."
#   }
# }
# run 1000ns
INFO: [USF-XSim-96] XSim completed. Design snapshot 'Test_behav' loaded.
INFO: [USF-XSim-97] XSim simulation ran for 1000ns
launch_simulation: Time (s): cpu = 00:00:03 ; elapsed = 00:00:05 . Memory (MB): peak = 759.297 ; gain = 0.000
reset_run synth_1
WARNING: [Vivado 12-1017] Problems encountered:
1. Failed to delete one or more files in run directory C:/Users/Kaizyn/Documents/MySmallProjects/hdu2021COPractice/03/03.runs/synth_1

close_sim
INFO: [Simtcl 6-16] Simulation closed
launch_simulation
INFO: [Vivado 12-5682] Launching behavioral simulation in 'C:/Users/Kaizyn/Documents/MySmallProjects/hdu2021COPractice/03/03.sim/sim_1/behav/xsim'
INFO: [SIM-utils-51] Simulation object is 'sim_1'
INFO: [USF-XSim-7] Finding pre-compiled libraries...
INFO: [USF-XSim-11] File 'C:/Xilinx/Vivado/2018.3/data/xsim/xsim.ini' copied to run dir:'C:/Users/Kaizyn/Documents/MySmallProjects/hdu2021COPractice/03/03.sim/sim_1/behav/xsim'
INFO: [SIM-utils-54] Inspecting design source files for 'Test' in fileset 'sim_1'...
INFO: [USF-XSim-97] Finding global include files...
INFO: [USF-XSim-98] Fetching design files from 'sim_1'...
INFO: [USF-XSim-2] XSim::Compile design
INFO: [USF-XSim-61] Executing 'COMPILE and ANALYZE' step in 'C:/Users/Kaizyn/Documents/MySmallProjects/hdu2021COPractice/03/03.sim/sim_1/behav/xsim'
"xvlog --incr --relax -prj Test_vlog.prj"
INFO: [VRFC 10-2263] Analyzing Verilog file "C:/Users/Kaizyn/Documents/MySmallProjects/hdu2021COPractice/03/Multi_Reg.v" into library xil_defaultlib
INFO: [VRFC 10-311] analyzing module Multi_Reg
INFO: [VRFC 10-2263] Analyzing Verilog file "C:/Users/Kaizyn/Documents/MySmallProjects/hdu2021COPractice/03/Test.v" into library xil_defaultlib
INFO: [VRFC 10-311] analyzing module Test
INFO: [USF-XSim-69] 'compile' step finished in '1' seconds
INFO: [USF-XSim-3] XSim::Elaborate design
INFO: [USF-XSim-61] Executing 'ELABORATE' step in 'C:/Users/Kaizyn/Documents/MySmallProjects/hdu2021COPractice/03/03.sim/sim_1/behav/xsim'
Vivado Simulator 2018.3
Copyright 1986-1999, 2001-2018 Xilinx, Inc. All Rights Reserved.
Running: C:/Xilinx/Vivado/2018.3/bin/unwrapped/win64.o/xelab.exe -wto b5434958f7e94966bed17bca6253e0c1 --incr --debug typical --relax --mt 2 -L xil_defaultlib -L unisims_ver -L unimacro_ver -L secureip -L xpm --snapshot Test_behav xil_defaultlib.Test xil_defaultlib.glbl -log elaborate.log 
Using 2 slave threads.
Starting static elaboration
WARNING: [VRFC 10-3091] actual bit length 1 differs from formal bit length 32 for port 'PC' [C:/Users/Kaizyn/Documents/MySmallProjects/hdu2021COPractice/03/Test.v:31]
Completed static elaboration
Starting simulation data flow analysis
Completed simulation data flow analysis
Time Resolution for simulation is 1ps
Compiling module xil_defaultlib.Multi_Reg_default
Compiling module xil_defaultlib.Test
Compiling module xil_defaultlib.glbl
Built simulation snapshot Test_behav
INFO: [USF-XSim-69] 'elaborate' step finished in '2' seconds
INFO: [USF-XSim-4] XSim::Simulate design
INFO: [USF-XSim-61] Executing 'SIMULATE' step in 'C:/Users/Kaizyn/Documents/MySmallProjects/hdu2021COPractice/03/03.sim/sim_1/behav/xsim'
INFO: [USF-XSim-98] *** Running xsim
   with args "Test_behav -key {Behavioral:sim_1:Functional:Test} -tclbatch {Test.tcl} -log {simulate.log}"
INFO: [USF-XSim-8] Loading simulator feature
Vivado Simulator 2018.3
Time resolution is 1 ps
source Test.tcl
# set curr_wave [current_wave_config]
# if { [string length $curr_wave] == 0 } {
#   if { [llength [get_objects]] > 0} {
#     add_wave /
#     set_property needs_save false [current_wave_config]
#   } else {
#      send_msg_id Add_Wave-1 WARNING "No top level signals found. Simulator will start without a wave window. If you want to open a wave window go to 'File->New Waveform Configuration' or type 'create_wave_config' in the TCL console."
#   }
# }
# run 1000ns
INFO: [USF-XSim-96] XSim completed. Design snapshot 'Test_behav' loaded.
INFO: [USF-XSim-97] XSim simulation ran for 1000ns
launch_simulation: Time (s): cpu = 00:00:03 ; elapsed = 00:00:06 . Memory (MB): peak = 759.297 ; gain = 0.000
launch_runs synth_1 -jobs 4
[Mon Apr 26 10:21:25 2021] Launched synth_1...
Run output will be captured here: C:/Users/Kaizyn/Documents/MySmallProjects/hdu2021COPractice/03/03.runs/synth_1/runme.log
close_sim
INFO: [Simtcl 6-16] Simulation closed
launch_simulation
INFO: [Vivado 12-5682] Launching behavioral simulation in 'C:/Users/Kaizyn/Documents/MySmallProjects/hdu2021COPractice/03/03.sim/sim_1/behav/xsim'
INFO: [SIM-utils-51] Simulation object is 'sim_1'
INFO: [USF-XSim-7] Finding pre-compiled libraries...
INFO: [USF-XSim-11] File 'C:/Xilinx/Vivado/2018.3/data/xsim/xsim.ini' copied to run dir:'C:/Users/Kaizyn/Documents/MySmallProjects/hdu2021COPractice/03/03.sim/sim_1/behav/xsim'
INFO: [SIM-utils-54] Inspecting design source files for 'Test' in fileset 'sim_1'...
INFO: [USF-XSim-97] Finding global include files...
INFO: [USF-XSim-98] Fetching design files from 'sim_1'...
INFO: [USF-XSim-2] XSim::Compile design
INFO: [USF-XSim-61] Executing 'COMPILE and ANALYZE' step in 'C:/Users/Kaizyn/Documents/MySmallProjects/hdu2021COPractice/03/03.sim/sim_1/behav/xsim'
"xvlog --incr --relax -prj Test_vlog.prj"
INFO: [USF-XSim-69] 'compile' step finished in '2' seconds
INFO: [USF-XSim-3] XSim::Elaborate design
INFO: [USF-XSim-61] Executing 'ELABORATE' step in 'C:/Users/Kaizyn/Documents/MySmallProjects/hdu2021COPractice/03/03.sim/sim_1/behav/xsim'
Vivado Simulator 2018.3
Copyright 1986-1999, 2001-2018 Xilinx, Inc. All Rights Reserved.
Running: C:/Xilinx/Vivado/2018.3/bin/unwrapped/win64.o/xelab.exe -wto b5434958f7e94966bed17bca6253e0c1 --incr --debug typical --relax --mt 2 -L xil_defaultlib -L unisims_ver -L unimacro_ver -L secureip -L xpm --snapshot Test_behav xil_defaultlib.Test xil_defaultlib.glbl -log elaborate.log 
Using 2 slave threads.
Starting static elaboration
WARNING: [VRFC 10-3091] actual bit length 1 differs from formal bit length 32 for port 'PC' [C:/Users/Kaizyn/Documents/MySmallProjects/hdu2021COPractice/03/Test.v:31]
Completed static elaboration
INFO: [XSIM 43-4323] No Change in HDL. Linking previously generated obj files to create kernel
INFO: [USF-XSim-69] 'elaborate' step finished in '1' seconds
INFO: [USF-XSim-4] XSim::Simulate design
INFO: [USF-XSim-61] Executing 'SIMULATE' step in 'C:/Users/Kaizyn/Documents/MySmallProjects/hdu2021COPractice/03/03.sim/sim_1/behav/xsim'
INFO: [USF-XSim-98] *** Running xsim
   with args "Test_behav -key {Behavioral:sim_1:Functional:Test} -tclbatch {Test.tcl} -log {simulate.log}"
INFO: [USF-XSim-8] Loading simulator feature
Vivado Simulator 2018.3
Time resolution is 1 ps
source Test.tcl
# set curr_wave [current_wave_config]
# if { [string length $curr_wave] == 0 } {
#   if { [llength [get_objects]] > 0} {
#     add_wave /
#     set_property needs_save false [current_wave_config]
#   } else {
#      send_msg_id Add_Wave-1 WARNING "No top level signals found. Simulator will start without a wave window. If you want to open a wave window go to 'File->New Waveform Configuration' or type 'create_wave_config' in the TCL console."
#   }
# }
# run 1000ns
INFO: [USF-XSim-96] XSim completed. Design snapshot 'Test_behav' loaded.
INFO: [USF-XSim-97] XSim simulation ran for 1000ns
close_sim
INFO: [Simtcl 6-16] Simulation closed
launch_simulation
INFO: [Vivado 12-5682] Launching behavioral simulation in 'C:/Users/Kaizyn/Documents/MySmallProjects/hdu2021COPractice/03/03.sim/sim_1/behav/xsim'
INFO: [SIM-utils-51] Simulation object is 'sim_1'
INFO: [USF-XSim-7] Finding pre-compiled libraries...
INFO: [USF-XSim-11] File 'C:/Xilinx/Vivado/2018.3/data/xsim/xsim.ini' copied to run dir:'C:/Users/Kaizyn/Documents/MySmallProjects/hdu2021COPractice/03/03.sim/sim_1/behav/xsim'
INFO: [SIM-utils-54] Inspecting design source files for 'Test' in fileset 'sim_1'...
INFO: [USF-XSim-97] Finding global include files...
INFO: [USF-XSim-98] Fetching design files from 'sim_1'...
INFO: [USF-XSim-2] XSim::Compile design
INFO: [USF-XSim-61] Executing 'COMPILE and ANALYZE' step in 'C:/Users/Kaizyn/Documents/MySmallProjects/hdu2021COPractice/03/03.sim/sim_1/behav/xsim'
"xvlog --incr --relax -prj Test_vlog.prj"
INFO: [VRFC 10-2263] Analyzing Verilog file "C:/Users/Kaizyn/Documents/MySmallProjects/hdu2021COPractice/03/Multi_Reg.v" into library xil_defaultlib
INFO: [VRFC 10-311] analyzing module Multi_Reg
INFO: [VRFC 10-2263] Analyzing Verilog file "C:/Users/Kaizyn/Documents/MySmallProjects/hdu2021COPractice/03/Test.v" into library xil_defaultlib
INFO: [VRFC 10-311] analyzing module Test
INFO: [USF-XSim-69] 'compile' step finished in '1' seconds
INFO: [USF-XSim-3] XSim::Elaborate design
INFO: [USF-XSim-61] Executing 'ELABORATE' step in 'C:/Users/Kaizyn/Documents/MySmallProjects/hdu2021COPractice/03/03.sim/sim_1/behav/xsim'
Vivado Simulator 2018.3
Copyright 1986-1999, 2001-2018 Xilinx, Inc. All Rights Reserved.
Running: C:/Xilinx/Vivado/2018.3/bin/unwrapped/win64.o/xelab.exe -wto b5434958f7e94966bed17bca6253e0c1 --incr --debug typical --relax --mt 2 -L xil_defaultlib -L unisims_ver -L unimacro_ver -L secureip -L xpm --snapshot Test_behav xil_defaultlib.Test xil_defaultlib.glbl -log elaborate.log 
Using 2 slave threads.
Starting static elaboration
Completed static elaboration
Starting simulation data flow analysis
Completed simulation data flow analysis
Time Resolution for simulation is 1ps
Compiling module xil_defaultlib.Multi_Reg_default
Compiling module xil_defaultlib.Test
Compiling module xil_defaultlib.glbl
Built simulation snapshot Test_behav
INFO: [USF-XSim-69] 'elaborate' step finished in '2' seconds
INFO: [USF-XSim-4] XSim::Simulate design
INFO: [USF-XSim-61] Executing 'SIMULATE' step in 'C:/Users/Kaizyn/Documents/MySmallProjects/hdu2021COPractice/03/03.sim/sim_1/behav/xsim'
INFO: [USF-XSim-98] *** Running xsim
   with args "Test_behav -key {Behavioral:sim_1:Functional:Test} -tclbatch {Test.tcl} -log {simulate.log}"
INFO: [USF-XSim-8] Loading simulator feature
Vivado Simulator 2018.3
Time resolution is 1 ps
source Test.tcl
# set curr_wave [current_wave_config]
# if { [string length $curr_wave] == 0 } {
#   if { [llength [get_objects]] > 0} {
#     add_wave /
#     set_property needs_save false [current_wave_config]
#   } else {
#      send_msg_id Add_Wave-1 WARNING "No top level signals found. Simulator will start without a wave window. If you want to open a wave window go to 'File->New Waveform Configuration' or type 'create_wave_config' in the TCL console."
#   }
# }
# run 1000ns
INFO: [USF-XSim-96] XSim completed. Design snapshot 'Test_behav' loaded.
INFO: [USF-XSim-97] XSim simulation ran for 1000ns
launch_simulation: Time (s): cpu = 00:00:02 ; elapsed = 00:00:05 . Memory (MB): peak = 769.906 ; gain = 3.207
close_sim
INFO: [Simtcl 6-16] Simulation closed
launch_simulation
INFO: [Vivado 12-5682] Launching behavioral simulation in 'C:/Users/Kaizyn/Documents/MySmallProjects/hdu2021COPractice/03/03.sim/sim_1/behav/xsim'
INFO: [SIM-utils-51] Simulation object is 'sim_1'
INFO: [USF-XSim-7] Finding pre-compiled libraries...
INFO: [USF-XSim-11] File 'C:/Xilinx/Vivado/2018.3/data/xsim/xsim.ini' copied to run dir:'C:/Users/Kaizyn/Documents/MySmallProjects/hdu2021COPractice/03/03.sim/sim_1/behav/xsim'
INFO: [SIM-utils-54] Inspecting design source files for 'Test' in fileset 'sim_1'...
INFO: [USF-XSim-97] Finding global include files...
INFO: [USF-XSim-98] Fetching design files from 'sim_1'...
INFO: [USF-XSim-2] XSim::Compile design
INFO: [USF-XSim-61] Executing 'COMPILE and ANALYZE' step in 'C:/Users/Kaizyn/Documents/MySmallProjects/hdu2021COPractice/03/03.sim/sim_1/behav/xsim'
"xvlog --incr --relax -prj Test_vlog.prj"
INFO: [VRFC 10-2263] Analyzing Verilog file "C:/Users/Kaizyn/Documents/MySmallProjects/hdu2021COPractice/03/Multi_Reg.v" into library xil_defaultlib
INFO: [VRFC 10-311] analyzing module Multi_Reg
INFO: [VRFC 10-2263] Analyzing Verilog file "C:/Users/Kaizyn/Documents/MySmallProjects/hdu2021COPractice/03/Test.v" into library xil_defaultlib
INFO: [VRFC 10-311] analyzing module Test
INFO: [USF-XSim-69] 'compile' step finished in '1' seconds
INFO: [USF-XSim-3] XSim::Elaborate design
INFO: [USF-XSim-61] Executing 'ELABORATE' step in 'C:/Users/Kaizyn/Documents/MySmallProjects/hdu2021COPractice/03/03.sim/sim_1/behav/xsim'
Vivado Simulator 2018.3
Copyright 1986-1999, 2001-2018 Xilinx, Inc. All Rights Reserved.
Running: C:/Xilinx/Vivado/2018.3/bin/unwrapped/win64.o/xelab.exe -wto b5434958f7e94966bed17bca6253e0c1 --incr --debug typical --relax --mt 2 -L xil_defaultlib -L unisims_ver -L unimacro_ver -L secureip -L xpm --snapshot Test_behav xil_defaultlib.Test xil_defaultlib.glbl -log elaborate.log 
Using 2 slave threads.
Starting static elaboration
Completed static elaboration
Starting simulation data flow analysis
Completed simulation data flow analysis
Time Resolution for simulation is 1ps
Compiling module xil_defaultlib.Multi_Reg_default
Compiling module xil_defaultlib.Test
Compiling module xil_defaultlib.glbl
Built simulation snapshot Test_behav
INFO: [USF-XSim-69] 'elaborate' step finished in '2' seconds
INFO: [USF-XSim-4] XSim::Simulate design
INFO: [USF-XSim-61] Executing 'SIMULATE' step in 'C:/Users/Kaizyn/Documents/MySmallProjects/hdu2021COPractice/03/03.sim/sim_1/behav/xsim'
INFO: [USF-XSim-98] *** Running xsim
   with args "Test_behav -key {Behavioral:sim_1:Functional:Test} -tclbatch {Test.tcl} -log {simulate.log}"
INFO: [USF-XSim-8] Loading simulator feature
Vivado Simulator 2018.3
Time resolution is 1 ps
source Test.tcl
# set curr_wave [current_wave_config]
# if { [string length $curr_wave] == 0 } {
#   if { [llength [get_objects]] > 0} {
#     add_wave /
#     set_property needs_save false [current_wave_config]
#   } else {
#      send_msg_id Add_Wave-1 WARNING "No top level signals found. Simulator will start without a wave window. If you want to open a wave window go to 'File->New Waveform Configuration' or type 'create_wave_config' in the TCL console."
#   }
# }
# run 1000ns
INFO: [USF-XSim-96] XSim completed. Design snapshot 'Test_behav' loaded.
INFO: [USF-XSim-97] XSim simulation ran for 1000ns
launch_simulation: Time (s): cpu = 00:00:03 ; elapsed = 00:00:05 . Memory (MB): peak = 779.008 ; gain = 5.363
close_sim
INFO: [Simtcl 6-16] Simulation closed
launch_simulation
INFO: [Vivado 12-5682] Launching behavioral simulation in 'C:/Users/Kaizyn/Documents/MySmallProjects/hdu2021COPractice/03/03.sim/sim_1/behav/xsim'
INFO: [SIM-utils-51] Simulation object is 'sim_1'
INFO: [USF-XSim-7] Finding pre-compiled libraries...
INFO: [USF-XSim-11] File 'C:/Xilinx/Vivado/2018.3/data/xsim/xsim.ini' copied to run dir:'C:/Users/Kaizyn/Documents/MySmallProjects/hdu2021COPractice/03/03.sim/sim_1/behav/xsim'
INFO: [SIM-utils-54] Inspecting design source files for 'Test' in fileset 'sim_1'...
INFO: [USF-XSim-97] Finding global include files...
INFO: [USF-XSim-98] Fetching design files from 'sim_1'...
INFO: [USF-XSim-2] XSim::Compile design
INFO: [USF-XSim-61] Executing 'COMPILE and ANALYZE' step in 'C:/Users/Kaizyn/Documents/MySmallProjects/hdu2021COPractice/03/03.sim/sim_1/behav/xsim'
"xvlog --incr --relax -prj Test_vlog.prj"
INFO: [VRFC 10-2263] Analyzing Verilog file "C:/Users/Kaizyn/Documents/MySmallProjects/hdu2021COPractice/03/Multi_Reg.v" into library xil_defaultlib
INFO: [VRFC 10-311] analyzing module Multi_Reg
INFO: [VRFC 10-2263] Analyzing Verilog file "C:/Users/Kaizyn/Documents/MySmallProjects/hdu2021COPractice/03/Test.v" into library xil_defaultlib
INFO: [VRFC 10-311] analyzing module Test
INFO: [USF-XSim-69] 'compile' step finished in '2' seconds
INFO: [USF-XSim-3] XSim::Elaborate design
INFO: [USF-XSim-61] Executing 'ELABORATE' step in 'C:/Users/Kaizyn/Documents/MySmallProjects/hdu2021COPractice/03/03.sim/sim_1/behav/xsim'
Vivado Simulator 2018.3
Copyright 1986-1999, 2001-2018 Xilinx, Inc. All Rights Reserved.
Running: C:/Xilinx/Vivado/2018.3/bin/unwrapped/win64.o/xelab.exe -wto b5434958f7e94966bed17bca6253e0c1 --incr --debug typical --relax --mt 2 -L xil_defaultlib -L unisims_ver -L unimacro_ver -L secureip -L xpm --snapshot Test_behav xil_defaultlib.Test xil_defaultlib.glbl -log elaborate.log 
Using 2 slave threads.
Starting static elaboration
Completed static elaboration
Starting simulation data flow analysis
Completed simulation data flow analysis
Time Resolution for simulation is 1ps
Compiling module xil_defaultlib.Multi_Reg_default
Compiling module xil_defaultlib.Test
Compiling module xil_defaultlib.glbl
Built simulation snapshot Test_behav
INFO: [USF-XSim-69] 'elaborate' step finished in '1' seconds
INFO: [USF-XSim-4] XSim::Simulate design
INFO: [USF-XSim-61] Executing 'SIMULATE' step in 'C:/Users/Kaizyn/Documents/MySmallProjects/hdu2021COPractice/03/03.sim/sim_1/behav/xsim'
INFO: [USF-XSim-98] *** Running xsim
   with args "Test_behav -key {Behavioral:sim_1:Functional:Test} -tclbatch {Test.tcl} -log {simulate.log}"
INFO: [USF-XSim-8] Loading simulator feature
Vivado Simulator 2018.3
Time resolution is 1 ps
source Test.tcl
# set curr_wave [current_wave_config]
# if { [string length $curr_wave] == 0 } {
#   if { [llength [get_objects]] > 0} {
#     add_wave /
#     set_property needs_save false [current_wave_config]
#   } else {
#      send_msg_id Add_Wave-1 WARNING "No top level signals found. Simulator will start without a wave window. If you want to open a wave window go to 'File->New Waveform Configuration' or type 'create_wave_config' in the TCL console."
#   }
# }
# run 1000ns
INFO: [USF-XSim-96] XSim completed. Design snapshot 'Test_behav' loaded.
INFO: [USF-XSim-97] XSim simulation ran for 1000ns
launch_simulation: Time (s): cpu = 00:00:03 ; elapsed = 00:00:05 . Memory (MB): peak = 785.375 ; gain = 6.367
reset_run synth_1
WARNING: [Vivado 12-1017] Problems encountered:
1. Failed to delete one or more files in run directory C:/Users/Kaizyn/Documents/MySmallProjects/hdu2021COPractice/03/03.runs/synth_1

launch_runs synth_1 -jobs 4
[Mon Apr 26 10:26:29 2021] Launched synth_1...
Run output will be captured here: C:/Users/Kaizyn/Documents/MySmallProjects/hdu2021COPractice/03/03.runs/synth_1/runme.log
close_sim
INFO: [Simtcl 6-16] Simulation closed
launch_simulation
INFO: [Vivado 12-5682] Launching behavioral simulation in 'C:/Users/Kaizyn/Documents/MySmallProjects/hdu2021COPractice/03/03.sim/sim_1/behav/xsim'
INFO: [SIM-utils-51] Simulation object is 'sim_1'
INFO: [USF-XSim-7] Finding pre-compiled libraries...
INFO: [USF-XSim-11] File 'C:/Xilinx/Vivado/2018.3/data/xsim/xsim.ini' copied to run dir:'C:/Users/Kaizyn/Documents/MySmallProjects/hdu2021COPractice/03/03.sim/sim_1/behav/xsim'
INFO: [SIM-utils-54] Inspecting design source files for 'Test' in fileset 'sim_1'...
INFO: [USF-XSim-97] Finding global include files...
INFO: [USF-XSim-98] Fetching design files from 'sim_1'...
INFO: [USF-XSim-2] XSim::Compile design
INFO: [USF-XSim-61] Executing 'COMPILE and ANALYZE' step in 'C:/Users/Kaizyn/Documents/MySmallProjects/hdu2021COPractice/03/03.sim/sim_1/behav/xsim'
"xvlog --incr --relax -prj Test_vlog.prj"
INFO: [VRFC 10-2263] Analyzing Verilog file "C:/Users/Kaizyn/Documents/MySmallProjects/hdu2021COPractice/03/Multi_Reg.v" into library xil_defaultlib
INFO: [VRFC 10-311] analyzing module Multi_Reg
INFO: [VRFC 10-2263] Analyzing Verilog file "C:/Users/Kaizyn/Documents/MySmallProjects/hdu2021COPractice/03/Test.v" into library xil_defaultlib
INFO: [VRFC 10-311] analyzing module Test
INFO: [USF-XSim-69] 'compile' step finished in '1' seconds
INFO: [USF-XSim-3] XSim::Elaborate design
INFO: [USF-XSim-61] Executing 'ELABORATE' step in 'C:/Users/Kaizyn/Documents/MySmallProjects/hdu2021COPractice/03/03.sim/sim_1/behav/xsim'
Vivado Simulator 2018.3
Copyright 1986-1999, 2001-2018 Xilinx, Inc. All Rights Reserved.
Running: C:/Xilinx/Vivado/2018.3/bin/unwrapped/win64.o/xelab.exe -wto b5434958f7e94966bed17bca6253e0c1 --incr --debug typical --relax --mt 2 -L xil_defaultlib -L unisims_ver -L unimacro_ver -L secureip -L xpm --snapshot Test_behav xil_defaultlib.Test xil_defaultlib.glbl -log elaborate.log 
Using 2 slave threads.
Starting static elaboration
Completed static elaboration
Starting simulation data flow analysis
Completed simulation data flow analysis
Time Resolution for simulation is 1ps
Compiling module xil_defaultlib.Multi_Reg_default
Compiling module xil_defaultlib.Test
Compiling module xil_defaultlib.glbl
Built simulation snapshot Test_behav
INFO: [USF-XSim-69] 'elaborate' step finished in '2' seconds
INFO: [USF-XSim-4] XSim::Simulate design
INFO: [USF-XSim-61] Executing 'SIMULATE' step in 'C:/Users/Kaizyn/Documents/MySmallProjects/hdu2021COPractice/03/03.sim/sim_1/behav/xsim'
INFO: [USF-XSim-98] *** Running xsim
   with args "Test_behav -key {Behavioral:sim_1:Functional:Test} -tclbatch {Test.tcl} -log {simulate.log}"
INFO: [USF-XSim-8] Loading simulator feature
Vivado Simulator 2018.3
Time resolution is 1 ps
source Test.tcl
# set curr_wave [current_wave_config]
# if { [string length $curr_wave] == 0 } {
#   if { [llength [get_objects]] > 0} {
#     add_wave /
#     set_property needs_save false [current_wave_config]
#   } else {
#      send_msg_id Add_Wave-1 WARNING "No top level signals found. Simulator will start without a wave window. If you want to open a wave window go to 'File->New Waveform Configuration' or type 'create_wave_config' in the TCL console."
#   }
# }
# run 1000ns
INFO: [USF-XSim-96] XSim completed. Design snapshot 'Test_behav' loaded.
INFO: [USF-XSim-97] XSim simulation ran for 1000ns
launch_simulation: Time (s): cpu = 00:00:03 ; elapsed = 00:00:05 . Memory (MB): peak = 787.523 ; gain = 0.000
close_sim
INFO: [Simtcl 6-16] Simulation closed
launch_simulation
INFO: [Vivado 12-5682] Launching behavioral simulation in 'C:/Users/Kaizyn/Documents/MySmallProjects/hdu2021COPractice/03/03.sim/sim_1/behav/xsim'
INFO: [SIM-utils-51] Simulation object is 'sim_1'
INFO: [USF-XSim-7] Finding pre-compiled libraries...
INFO: [USF-XSim-11] File 'C:/Xilinx/Vivado/2018.3/data/xsim/xsim.ini' copied to run dir:'C:/Users/Kaizyn/Documents/MySmallProjects/hdu2021COPractice/03/03.sim/sim_1/behav/xsim'
INFO: [SIM-utils-54] Inspecting design source files for 'Test' in fileset 'sim_1'...
INFO: [USF-XSim-97] Finding global include files...
INFO: [USF-XSim-98] Fetching design files from 'sim_1'...
INFO: [USF-XSim-2] XSim::Compile design
INFO: [USF-XSim-61] Executing 'COMPILE and ANALYZE' step in 'C:/Users/Kaizyn/Documents/MySmallProjects/hdu2021COPractice/03/03.sim/sim_1/behav/xsim'
"xvlog --incr --relax -prj Test_vlog.prj"
INFO: [VRFC 10-2263] Analyzing Verilog file "C:/Users/Kaizyn/Documents/MySmallProjects/hdu2021COPractice/03/Multi_Reg.v" into library xil_defaultlib
INFO: [VRFC 10-311] analyzing module Multi_Reg
INFO: [VRFC 10-2263] Analyzing Verilog file "C:/Users/Kaizyn/Documents/MySmallProjects/hdu2021COPractice/03/Test.v" into library xil_defaultlib
INFO: [VRFC 10-311] analyzing module Test
INFO: [USF-XSim-69] 'compile' step finished in '1' seconds
INFO: [USF-XSim-3] XSim::Elaborate design
INFO: [USF-XSim-61] Executing 'ELABORATE' step in 'C:/Users/Kaizyn/Documents/MySmallProjects/hdu2021COPractice/03/03.sim/sim_1/behav/xsim'
Vivado Simulator 2018.3
Copyright 1986-1999, 2001-2018 Xilinx, Inc. All Rights Reserved.
Running: C:/Xilinx/Vivado/2018.3/bin/unwrapped/win64.o/xelab.exe -wto b5434958f7e94966bed17bca6253e0c1 --incr --debug typical --relax --mt 2 -L xil_defaultlib -L unisims_ver -L unimacro_ver -L secureip -L xpm --snapshot Test_behav xil_defaultlib.Test xil_defaultlib.glbl -log elaborate.log 
Using 2 slave threads.
Starting static elaboration
Completed static elaboration
Starting simulation data flow analysis
Completed simulation data flow analysis
Time Resolution for simulation is 1ps
Compiling module xil_defaultlib.Multi_Reg_default
Compiling module xil_defaultlib.Test
Compiling module xil_defaultlib.glbl
Built simulation snapshot Test_behav
INFO: [USF-XSim-69] 'elaborate' step finished in '1' seconds
INFO: [USF-XSim-4] XSim::Simulate design
INFO: [USF-XSim-61] Executing 'SIMULATE' step in 'C:/Users/Kaizyn/Documents/MySmallProjects/hdu2021COPractice/03/03.sim/sim_1/behav/xsim'
INFO: [USF-XSim-98] *** Running xsim
   with args "Test_behav -key {Behavioral:sim_1:Functional:Test} -tclbatch {Test.tcl} -log {simulate.log}"
INFO: [USF-XSim-8] Loading simulator feature
Vivado Simulator 2018.3
Time resolution is 1 ps
source Test.tcl
# set curr_wave [current_wave_config]
# if { [string length $curr_wave] == 0 } {
#   if { [llength [get_objects]] > 0} {
#     add_wave /
#     set_property needs_save false [current_wave_config]
#   } else {
#      send_msg_id Add_Wave-1 WARNING "No top level signals found. Simulator will start without a wave window. If you want to open a wave window go to 'File->New Waveform Configuration' or type 'create_wave_config' in the TCL console."
#   }
# }
# run 1000ns
INFO: [USF-XSim-96] XSim completed. Design snapshot 'Test_behav' loaded.
INFO: [USF-XSim-97] XSim simulation ran for 1000ns
launch_simulation: Time (s): cpu = 00:00:03 ; elapsed = 00:00:05 . Memory (MB): peak = 787.523 ; gain = 0.000
close_sim
INFO: [Simtcl 6-16] Simulation closed
exit
INFO: [Common 17-206] Exiting Vivado at Mon Apr 26 12:00:11 2021...
