#-----------------------------------------------------------
# Vivado v2018.3 (64-bit)
# SW Build 2405991 on Thu Dec  6 23:38:27 MST 2018
# IP Build 2404404 on Fri Dec  7 01:43:56 MST 2018
# Start of session at: Wed May 12 23:23:15 2021
# Process ID: 4804
# Current directory: C:/Users/Kaizyn/Documents/MySmallProjects/hdu2021COPractice/08_CPU1
# Command line: vivado.exe -gui_launcher_event rodinguilauncherevent5224 C:\Users\Kaizyn\Documents\MySmallProjects\hdu2021COPractice\08_CPU1\08_CPU1.xpr
# Log file: C:/Users/Kaizyn/Documents/MySmallProjects/hdu2021COPractice/08_CPU1/vivado.log
# Journal file: C:/Users/Kaizyn/Documents/MySmallProjects/hdu2021COPractice/08_CPU1\vivado.jou
#-----------------------------------------------------------
start_gui
open_project C:/Users/Kaizyn/Documents/MySmallProjects/hdu2021COPractice/08_CPU1/08_CPU1.xpr
Scanning sources...
Finished scanning sources
INFO: [IP_Flow 19-234] Refreshing IP repositories
INFO: [IP_Flow 19-1704] No user IP repositories specified
INFO: [IP_Flow 19-2313] Loaded Vivado IP repository 'C:/Xilinx/Vivado/2018.3/data/ip'.
open_project: Time (s): cpu = 00:00:11 ; elapsed = 00:00:06 . Memory (MB): peak = 666.441 ; gain = 104.195
update_compile_order -fileset sources_1
export_ip_user_files -of_objects  [get_files C:/Users/Kaizyn/Documents/MySmallProjects/hdu2021COPractice/08_CPU1/CU1.v] -no_script -reset -force -quiet
remove_files  C:/Users/Kaizyn/Documents/MySmallProjects/hdu2021COPractice/08_CPU1/CU1.v
add_files -norecurse C:/Users/Kaizyn/Documents/MySmallProjects/hdu2021COPractice/08_CPU1/CPU1.v
update_compile_order -fileset sources_1
launch_runs synth_1 -jobs 4
CRITICAL WARNING: [HDL 9-806] Syntax error near ")". [C:/Users/Kaizyn/Documents/MySmallProjects/hdu2021COPractice/08_CPU1/CPU1.v:20]
CRITICAL WARNING: [HDL 9-806] Syntax error near "input". [C:/Users/Kaizyn/Documents/MySmallProjects/hdu2021COPractice/08_CPU1/RegFile.v:20]
[Wed May 12 23:29:20 2021] Launched synth_1...
Run output will be captured here: C:/Users/Kaizyn/Documents/MySmallProjects/hdu2021COPractice/08_CPU1/08_CPU1.runs/synth_1/runme.log
update_compile_order -fileset sources_1
reset_run synth_1
launch_runs synth_1 -jobs 4
[Wed May 12 23:36:15 2021] Launched synth_1...
Run output will be captured here: C:/Users/Kaizyn/Documents/MySmallProjects/hdu2021COPractice/08_CPU1/08_CPU1.runs/synth_1/runme.log
reset_run synth_1
launch_runs synth_1 -jobs 4
[Wed May 12 23:38:58 2021] Launched synth_1...
Run output will be captured here: C:/Users/Kaizyn/Documents/MySmallProjects/hdu2021COPractice/08_CPU1/08_CPU1.runs/synth_1/runme.log
reset_run synth_1
launch_runs synth_1 -jobs 4
[Wed May 12 23:40:19 2021] Launched synth_1...
Run output will be captured here: C:/Users/Kaizyn/Documents/MySmallProjects/hdu2021COPractice/08_CPU1/08_CPU1.runs/synth_1/runme.log
reset_run synth_1
launch_runs synth_1 -jobs 4
[Wed May 12 23:41:26 2021] Launched synth_1...
Run output will be captured here: C:/Users/Kaizyn/Documents/MySmallProjects/hdu2021COPractice/08_CPU1/08_CPU1.runs/synth_1/runme.log
reset_run synth_1
launch_runs synth_1 -jobs 4
[Wed May 12 23:43:10 2021] Launched synth_1...
Run output will be captured here: C:/Users/Kaizyn/Documents/MySmallProjects/hdu2021COPractice/08_CPU1/08_CPU1.runs/synth_1/runme.log
reset_run synth_1
launch_runs synth_1 -jobs 4
[Wed May 12 23:44:25 2021] Launched synth_1...
Run output will be captured here: C:/Users/Kaizyn/Documents/MySmallProjects/hdu2021COPractice/08_CPU1/08_CPU1.runs/synth_1/runme.log
reset_run synth_1
launch_runs synth_1 -jobs 4
[Wed May 12 23:45:41 2021] Launched synth_1...
Run output will be captured here: C:/Users/Kaizyn/Documents/MySmallProjects/hdu2021COPractice/08_CPU1/08_CPU1.runs/synth_1/runme.log
reset_run synth_1
launch_runs synth_1 -jobs 4
[Wed May 12 23:46:51 2021] Launched synth_1...
Run output will be captured here: C:/Users/Kaizyn/Documents/MySmallProjects/hdu2021COPractice/08_CPU1/08_CPU1.runs/synth_1/runme.log
exit
INFO: [Common 17-206] Exiting Vivado at Wed May 12 23:48:35 2021...
